{"/root/ol-explorer/src/components/BlockchainMetrics.tsx": {"path":"/root/ol-explorer/src/components/BlockchainMetrics.tsx","statementMap":{"0":{"start":{"line":10,"column":24},"end":{"line":12,"column":1}},"1":{"start":{"line":11,"column":2},"end":{"line":11,"column":38}},"2":{"start":{"line":14,"column":21},"end":{"line":17,"column":1}},"3":{"start":{"line":15,"column":2},"end":{"line":15,"column":74}},"4":{"start":{"line":15,"column":63},"end":{"line":15,"column":74}},"5":{"start":{"line":16,"column":2},"end":{"line":16,"column":38}},"6":{"start":{"line":20,"column":33},"end":{"line":88,"column":2}},"7":{"start":{"line":22,"column":24},"end":{"line":22,"column":40}},"8":{"start":{"line":23,"column":28},"end":{"line":23,"column":43}},"9":{"start":{"line":26,"column":27},"end":{"line":26,"column":72}},"10":{"start":{"line":27,"column":31},"end":{"line":27,"column":80}},"11":{"start":{"line":28,"column":34},"end":{"line":28,"column":86}},"12":{"start":{"line":29,"column":27},"end":{"line":29,"column":79}},"13":{"start":{"line":30,"column":21},"end":{"line":30,"column":67}},"14":{"start":{"line":31,"column":23},"end":{"line":31,"column":65}},"15":{"start":{"line":32,"column":25},"end":{"line":32,"column":56}},"16":{"start":{"line":33,"column":18},"end":{"line":33,"column":50}},"17":{"start":{"line":36,"column":23},"end":{"line":36,"column":57}},"18":{"start":{"line":37,"column":24},"end":{"line":38,"column":42}},"19":{"start":{"line":40,"column":2},"end":{"line":87,"column":4}}},"fnMap":{"0":{"name":"(anonymous_0)","decl":{"start":{"line":10,"column":24},"end":{"line":10,"column":25}},"loc":{"start":{"line":10,"column":40},"end":{"line":12,"column":1}},"line":10},"1":{"name":"(anonymous_1)","decl":{"start":{"line":14,"column":21},"end":{"line":14,"column":22}},"loc":{"start":{"line":14,"column":57},"end":{"line":17,"column":1}},"line":14},"2":{"name":"(anonymous_2)","decl":{"start":{"line":20,"column":42},"end":{"line":20,"column":43}},"loc":{"start":{"line":20,"column":48},"end":{"line":88,"column":1}},"line":20}},"branchMap":{"0":{"loc":{"start":{"line":15,"column":2},"end":{"line":15,"column":74}},"type":"if","locations":[{"start":{"line":15,"column":2},"end":{"line":15,"column":74}},{"start":{},"end":{}}],"line":15},"1":{"loc":{"start":{"line":15,"column":6},"end":{"line":15,"column":61}},"type":"binary-expr","locations":[{"start":{"line":15,"column":6},"end":{"line":15,"column":18}},{"start":{"line":15,"column":22},"end":{"line":15,"column":39}},{"start":{"line":15,"column":43},"end":{"line":15,"column":61}}],"line":15},"2":{"loc":{"start":{"line":26,"column":34},"end":{"line":26,"column":71}},"type":"binary-expr","locations":[{"start":{"line":26,"column":34},"end":{"line":26,"column":66}},{"start":{"line":26,"column":70},"end":{"line":26,"column":71}}],"line":26},"3":{"loc":{"start":{"line":27,"column":38},"end":{"line":27,"column":79}},"type":"binary-expr","locations":[{"start":{"line":27,"column":38},"end":{"line":27,"column":74}},{"start":{"line":27,"column":78},"end":{"line":27,"column":79}}],"line":27},"4":{"loc":{"start":{"line":28,"column":41},"end":{"line":28,"column":85}},"type":"binary-expr","locations":[{"start":{"line":28,"column":41},"end":{"line":28,"column":80}},{"start":{"line":28,"column":84},"end":{"line":28,"column":85}}],"line":28},"5":{"loc":{"start":{"line":29,"column":34},"end":{"line":29,"column":78}},"type":"binary-expr","locations":[{"start":{"line":29,"column":34},"end":{"line":29,"column":73}},{"start":{"line":29,"column":77},"end":{"line":29,"column":78}}],"line":29},"6":{"loc":{"start":{"line":30,"column":28},"end":{"line":30,"column":66}},"type":"binary-expr","locations":[{"start":{"line":30,"column":28},"end":{"line":30,"column":61}},{"start":{"line":30,"column":65},"end":{"line":30,"column":66}}],"line":30},"7":{"loc":{"start":{"line":31,"column":23},"end":{"line":31,"column":65}},"type":"binary-expr","locations":[{"start":{"line":31,"column":23},"end":{"line":31,"column":58}},{"start":{"line":31,"column":62},"end":{"line":31,"column":65}}],"line":31},"8":{"loc":{"start":{"line":33,"column":18},"end":{"line":33,"column":50}},"type":"binary-expr","locations":[{"start":{"line":33,"column":18},"end":{"line":33,"column":32}},{"start":{"line":33,"column":36},"end":{"line":33,"column":50}}],"line":33},"9":{"loc":{"start":{"line":37,"column":24},"end":{"line":38,"column":42}},"type":"cond-expr","locations":[{"start":{"line":38,"column":4},"end":{"line":38,"column":35}},{"start":{"line":38,"column":38},"end":{"line":38,"column":42}}],"line":37},"10":{"loc":{"start":{"line":37,"column":24},"end":{"line":37,"column":63}},"type":"binary-expr","locations":[{"start":{"line":37,"column":24},"end":{"line":37,"column":36}},{"start":{"line":37,"column":40},"end":{"line":37,"column":63}}],"line":37},"11":{"loc":{"start":{"line":46,"column":11},"end":{"line":46,"column":72}},"type":"binary-expr","locations":[{"start":{"line":46,"column":11},"end":{"line":46,"column":18}},{"start":{"line":46,"column":22},"end":{"line":46,"column":72}}],"line":46},"12":{"loc":{"start":{"line":81,"column":15},"end":{"line":81,"column":135}},"type":"cond-expr","locations":[{"start":{"line":81,"column":80},"end":{"line":81,"column":120}},{"start":{"line":81,"column":123},"end":{"line":81,"column":135}}],"line":81},"13":{"loc":{"start":{"line":81,"column":15},"end":{"line":81,"column":77}},"type":"binary-expr","locations":[{"start":{"line":81,"column":15},"end":{"line":81,"column":46}},{"start":{"line":81,"column":50},"end":{"line":81,"column":77}}],"line":81}},"s":{"0":0,"1":0,"2":0,"3":0,"4":0,"5":0,"6":0,"7":0,"8":0,"9":0,"10":0,"11":0,"12":0,"13":0,"14":0,"15":0,"16":0,"17":0,"18":0,"19":0},"f":{"0":0,"1":0,"2":0},"b":{"0":[0,0],"1":[0,0,0],"2":[0,0],"3":[0,0],"4":[0,0],"5":[0,0],"6":[0,0],"7":[0,0],"8":[0,0],"9":[0,0],"10":[0,0],"11":[0,0],"12":[0,0],"13":[0,0]}}
,"/root/ol-explorer/src/components/BlockchainStats.tsx": {"path":"/root/ol-explorer/src/components/BlockchainStats.tsx","statementMap":{"0":{"start":{"line":11,"column":63},"end":{"line":86,"column":1}},"1":{"start":{"line":13,"column":24},"end":{"line":13,"column":40}},"2":{"start":{"line":16,"column":16},"end":{"line":16,"column":52}},"3":{"start":{"line":17,"column":20},"end":{"line":17,"column":60}},"4":{"start":{"line":18,"column":20},"end":{"line":18,"column":41}},"5":{"start":{"line":21,"column":2},"end":{"line":29,"column":104}},"6":{"start":{"line":22,"column":4},"end":{"line":28,"column":7}},"7":{"start":{"line":32,"column":26},"end":{"line":32,"column":37}},"8":{"start":{"line":35,"column":29},"end":{"line":37,"column":50}},"9":{"start":{"line":39,"column":2},"end":{"line":85,"column":4}}},"fnMap":{"0":{"name":"(anonymous_0)","decl":{"start":{"line":11,"column":63},"end":{"line":11,"column":64}},"loc":{"start":{"line":11,"column":79},"end":{"line":86,"column":1}},"line":11},"1":{"name":"(anonymous_1)","decl":{"start":{"line":21,"column":12},"end":{"line":21,"column":13}},"loc":{"start":{"line":21,"column":18},"end":{"line":29,"column":3}},"line":21}},"branchMap":{"0":{"loc":{"start":{"line":35,"column":29},"end":{"line":37,"column":50}},"type":"cond-expr","locations":[{"start":{"line":36,"column":6},"end":{"line":36,"column":39}},{"start":{"line":37,"column":6},"end":{"line":37,"column":50}}],"line":35},"1":{"loc":{"start":{"line":46,"column":13},"end":{"line":52,"column":13}},"type":"cond-expr","locations":[{"start":{"line":47,"column":14},"end":{"line":47,"column":64}},{"start":{"line":49,"column":14},"end":{"line":51,"column":21}}],"line":46},"2":{"loc":{"start":{"line":46,"column":13},"end":{"line":46,"column":64}},"type":"binary-expr","locations":[{"start":{"line":46,"column":13},"end":{"line":46,"column":28}},{"start":{"line":46,"column":32},"end":{"line":46,"column":64}}],"line":46},"3":{"loc":{"start":{"line":50,"column":17},"end":{"line":50,"column":65}},"type":"binary-expr","locations":[{"start":{"line":50,"column":17},"end":{"line":50,"column":58}},{"start":{"line":50,"column":62},"end":{"line":50,"column":65}}],"line":50},"4":{"loc":{"start":{"line":60,"column":13},"end":{"line":66,"column":13}},"type":"cond-expr","locations":[{"start":{"line":61,"column":14},"end":{"line":61,"column":64}},{"start":{"line":63,"column":14},"end":{"line":65,"column":21}}],"line":60},"5":{"loc":{"start":{"line":60,"column":13},"end":{"line":60,"column":58}},"type":"binary-expr","locations":[{"start":{"line":60,"column":13},"end":{"line":60,"column":28}},{"start":{"line":60,"column":32},"end":{"line":60,"column":58}}],"line":60},"6":{"loc":{"start":{"line":64,"column":17},"end":{"line":64,"column":59}},"type":"binary-expr","locations":[{"start":{"line":64,"column":17},"end":{"line":64,"column":52}},{"start":{"line":64,"column":56},"end":{"line":64,"column":59}}],"line":64},"7":{"loc":{"start":{"line":74,"column":13},"end":{"line":80,"column":13}},"type":"cond-expr","locations":[{"start":{"line":75,"column":14},"end":{"line":75,"column":64}},{"start":{"line":77,"column":14},"end":{"line":79,"column":21}}],"line":74},"8":{"loc":{"start":{"line":74,"column":13},"end":{"line":74,"column":60}},"type":"binary-expr","locations":[{"start":{"line":74,"column":13},"end":{"line":74,"column":28}},{"start":{"line":74,"column":32},"end":{"line":74,"column":60}}],"line":74},"9":{"loc":{"start":{"line":78,"column":17},"end":{"line":78,"column":43}},"type":"binary-expr","locations":[{"start":{"line":78,"column":17},"end":{"line":78,"column":36}},{"start":{"line":78,"column":40},"end":{"line":78,"column":43}}],"line":78}},"s":{"0":0,"1":0,"2":0,"3":0,"4":0,"5":0,"6":0,"7":0,"8":0,"9":0},"f":{"0":0,"1":0},"b":{"0":[0,0],"1":[0,0],"2":[0,0],"3":[0,0],"4":[0,0],"5":[0,0],"6":[0,0],"7":[0,0],"8":[0,0],"9":[0,0]}}
,"/root/ol-explorer/src/components/ErrorBoundary.tsx": {"path":"/root/ol-explorer/src/components/ErrorBoundary.tsx","statementMap":{"0":{"start":{"line":16,"column":4},"end":{"line":16,"column":17}},"1":{"start":{"line":17,"column":4},"end":{"line":21,"column":6}},"2":{"start":{"line":26,"column":4},"end":{"line":26,"column":37}},"3":{"start":{"line":31,"column":4},"end":{"line":31,"column":70}},"4":{"start":{"line":32,"column":4},"end":{"line":32,"column":33}},"5":{"start":{"line":35,"column":16},"end":{"line":47,"column":3}},"6":{"start":{"line":37,"column":4},"end":{"line":41,"column":7}},"7":{"start":{"line":44,"column":4},"end":{"line":46,"column":5}},"8":{"start":{"line":45,"column":6},"end":{"line":45,"column":31}},"9":{"start":{"line":50,"column":4},"end":{"line":79,"column":5}},"10":{"start":{"line":52,"column":6},"end":{"line":78,"column":8}},"11":{"start":{"line":81,"column":4},"end":{"line":81,"column":31}}},"fnMap":{"0":{"name":"(anonymous_0)","decl":{"start":{"line":15,"column":2},"end":{"line":15,"column":3}},"loc":{"start":{"line":15,"column":28},"end":{"line":22,"column":3}},"line":15},"1":{"name":"(anonymous_1)","decl":{"start":{"line":24,"column":2},"end":{"line":24,"column":3}},"loc":{"start":{"line":24,"column":64},"end":{"line":27,"column":3}},"line":24},"2":{"name":"(anonymous_2)","decl":{"start":{"line":29,"column":2},"end":{"line":29,"column":3}},"loc":{"start":{"line":29,"column":62},"end":{"line":33,"column":3}},"line":29},"3":{"name":"(anonymous_3)","decl":{"start":{"line":35,"column":16},"end":{"line":35,"column":17}},"loc":{"start":{"line":35,"column":22},"end":{"line":47,"column":3}},"line":35},"4":{"name":"(anonymous_4)","decl":{"start":{"line":49,"column":2},"end":{"line":49,"column":3}},"loc":{"start":{"line":49,"column":22},"end":{"line":82,"column":3}},"line":49}},"branchMap":{"0":{"loc":{"start":{"line":44,"column":4},"end":{"line":46,"column":5}},"type":"if","locations":[{"start":{"line":44,"column":4},"end":{"line":46,"column":5}},{"start":{},"end":{}}],"line":44},"1":{"loc":{"start":{"line":50,"column":4},"end":{"line":79,"column":5}},"type":"if","locations":[{"start":{"line":50,"column":4},"end":{"line":79,"column":5}},{"start":{},"end":{}}],"line":50},"2":{"loc":{"start":{"line":56,"column":11},"end":{"line":69,"column":11}},"type":"binary-expr","locations":[{"start":{"line":56,"column":11},"end":{"line":56,"column":27}},{"start":{"line":57,"column":12},"end":{"line":68,"column":19}}],"line":56},"3":{"loc":{"start":{"line":60,"column":15},"end":{"line":67,"column":15}},"type":"binary-expr","locations":[{"start":{"line":60,"column":15},"end":{"line":60,"column":73}},{"start":{"line":61,"column":16},"end":{"line":66,"column":23}}],"line":60}},"s":{"0":0,"1":0,"2":0,"3":0,"4":0,"5":0,"6":0,"7":0,"8":0,"9":0,"10":0,"11":0},"f":{"0":0,"1":0,"2":0,"3":0,"4":0},"b":{"0":[0,0],"1":[0,0],"2":[0,0],"3":[0,0]}}
,"/root/ol-explorer/src/components/Footer.tsx": {"path":"/root/ol-explorer/src/components/Footer.tsx","statementMap":{"0":{"start":{"line":5,"column":32},"end":{"line":64,"column":1}},"1":{"start":{"line":6,"column":22},"end":{"line":6,"column":43}},"2":{"start":{"line":7,"column":21},"end":{"line":7,"column":32}},"3":{"start":{"line":9,"column":28},"end":{"line":11,"column":5}},"4":{"start":{"line":10,"column":8},"end":{"line":10,"column":29}},"5":{"start":{"line":13,"column":4},"end":{"line":63,"column":6}},"6":{"start":{"line":25,"column":61},"end":{"line":25,"column":100}},"7":{"start":{"line":29,"column":61},"end":{"line":29,"column":105}},"8":{"start":{"line":33,"column":61},"end":{"line":33,"column":116}},"9":{"start":{"line":47,"column":61},"end":{"line":47,"column":100}},"10":{"start":{"line":51,"column":61},"end":{"line":51,"column":105}},"11":{"start":{"line":55,"column":61},"end":{"line":55,"column":116}}},"fnMap":{"0":{"name":"(anonymous_0)","decl":{"start":{"line":5,"column":32},"end":{"line":5,"column":33}},"loc":{"start":{"line":5,"column":38},"end":{"line":64,"column":1}},"line":5},"1":{"name":"(anonymous_1)","decl":{"start":{"line":9,"column":28},"end":{"line":9,"column":29}},"loc":{"start":{"line":9,"column":45},"end":{"line":11,"column":5}},"line":9},"2":{"name":"(anonymous_2)","decl":{"start":{"line":25,"column":55},"end":{"line":25,"column":56}},"loc":{"start":{"line":25,"column":61},"end":{"line":25,"column":100}},"line":25},"3":{"name":"(anonymous_3)","decl":{"start":{"line":29,"column":55},"end":{"line":29,"column":56}},"loc":{"start":{"line":29,"column":61},"end":{"line":29,"column":105}},"line":29},"4":{"name":"(anonymous_4)","decl":{"start":{"line":33,"column":55},"end":{"line":33,"column":56}},"loc":{"start":{"line":33,"column":61},"end":{"line":33,"column":116}},"line":33},"5":{"name":"(anonymous_5)","decl":{"start":{"line":47,"column":55},"end":{"line":47,"column":56}},"loc":{"start":{"line":47,"column":61},"end":{"line":47,"column":100}},"line":47},"6":{"name":"(anonymous_6)","decl":{"start":{"line":51,"column":55},"end":{"line":51,"column":56}},"loc":{"start":{"line":51,"column":61},"end":{"line":51,"column":105}},"line":51},"7":{"name":"(anonymous_7)","decl":{"start":{"line":55,"column":55},"end":{"line":55,"column":56}},"loc":{"start":{"line":55,"column":61},"end":{"line":55,"column":116}},"line":55}},"branchMap":{"0":{"loc":{"start":{"line":16,"column":17},"end":{"line":60,"column":17}},"type":"cond-expr","locations":[{"start":{"line":18,"column":20},"end":{"line":37,"column":27}},{"start":{"line":40,"column":20},"end":{"line":59,"column":27}}],"line":16}},"s":{"0":0,"1":0,"2":0,"3":0,"4":0,"5":0,"6":0,"7":0,"8":0,"9":0,"10":0,"11":0},"f":{"0":0,"1":0,"2":0,"3":0,"4":0,"5":0,"6":0,"7":0},"b":{"0":[0,0]}}
,"/root/ol-explorer/src/components/Header.tsx": {"path":"/root/ol-explorer/src/components/Header.tsx","statementMap":{"0":{"start":{"line":11,"column":45},"end":{"line":49,"column":1}},"1":{"start":{"line":12,"column":20},"end":{"line":12,"column":41}},"2":{"start":{"line":13,"column":19},"end":{"line":13,"column":30}},"3":{"start":{"line":15,"column":26},"end":{"line":18,"column":3}},"4":{"start":{"line":17,"column":4},"end":{"line":17,"column":21}},"5":{"start":{"line":20,"column":2},"end":{"line":48,"column":4}}},"fnMap":{"0":{"name":"(anonymous_0)","decl":{"start":{"line":11,"column":45},"end":{"line":11,"column":46}},"loc":{"start":{"line":11,"column":61},"end":{"line":49,"column":1}},"line":11},"1":{"name":"(anonymous_1)","decl":{"start":{"line":15,"column":26},"end":{"line":15,"column":27}},"loc":{"start":{"line":15,"column":32},"end":{"line":18,"column":3}},"line":15}},"branchMap":{"0":{"loc":{"start":{"line":23,"column":9},"end":{"line":45,"column":9}},"type":"cond-expr","locations":[{"start":{"line":25,"column":10},"end":{"line":33,"column":17}},{"start":{"line":36,"column":10},"end":{"line":44,"column":17}}],"line":23}},"s":{"0":0,"1":0,"2":0,"3":0,"4":0,"5":0},"f":{"0":0,"1":0},"b":{"0":[0,0]}}
,"/root/ol-explorer/src/components/Logo.tsx": {"path":"/root/ol-explorer/src/components/Logo.tsx","statementMap":{"0":{"start":{"line":10,"column":41},"end":{"line":19,"column":1}},"1":{"start":{"line":11,"column":4},"end":{"line":18,"column":6}}},"fnMap":{"0":{"name":"(anonymous_0)","decl":{"start":{"line":10,"column":41},"end":{"line":10,"column":42}},"loc":{"start":{"line":10,"column":76},"end":{"line":19,"column":1}},"line":10}},"branchMap":{"0":{"loc":{"start":{"line":10,"column":44},"end":{"line":10,"column":53}},"type":"default-arg","locations":[{"start":{"line":10,"column":51},"end":{"line":10,"column":53}}],"line":10},"1":{"loc":{"start":{"line":10,"column":55},"end":{"line":10,"column":69}},"type":"default-arg","locations":[{"start":{"line":10,"column":67},"end":{"line":10,"column":69}}],"line":10}},"s":{"0":0,"1":0},"f":{"0":0},"b":{"0":[0],"1":[0]}}
,"/root/ol-explorer/src/components/SdkLoadingIndicator.tsx": {"path":"/root/ol-explorer/src/components/SdkLoadingIndicator.tsx","statementMap":{"0":{"start":{"line":5,"column":45},"end":{"line":24,"column":1}},"1":{"start":{"line":6,"column":53},"end":{"line":6,"column":68}},"2":{"start":{"line":9,"column":4},"end":{"line":9,"column":54}},"3":{"start":{"line":9,"column":42},"end":{"line":9,"column":54}},"4":{"start":{"line":11,"column":4},"end":{"line":23,"column":6}},"5":{"start":{"line":26,"column":15},"end":{"line":59,"column":2}}},"fnMap":{"0":{"name":"(anonymous_0)","decl":{"start":{"line":5,"column":45},"end":{"line":5,"column":46}},"loc":{"start":{"line":5,"column":51},"end":{"line":24,"column":1}},"line":5}},"branchMap":{"0":{"loc":{"start":{"line":9,"column":4},"end":{"line":9,"column":54}},"type":"if","locations":[{"start":{"line":9,"column":4},"end":{"line":9,"column":54}},{"start":{},"end":{}}],"line":9},"1":{"loc":{"start":{"line":9,"column":8},"end":{"line":9,"column":40}},"type":"binary-expr","locations":[{"start":{"line":9,"column":8},"end":{"line":9,"column":21}},{"start":{"line":9,"column":25},"end":{"line":9,"column":40}}],"line":9},"2":{"loc":{"start":{"line":16,"column":17},"end":{"line":20,"column":17}},"type":"binary-expr","locations":[{"start":{"line":16,"column":17},"end":{"line":16,"column":22}},{"start":{"line":17,"column":20},"end":{"line":19,"column":27}}],"line":16},"3":{"loc":{"start":{"line":18,"column":25},"end":{"line":18,"column":74}},"type":"binary-expr","locations":[{"start":{"line":18,"column":25},"end":{"line":18,"column":38}},{"start":{"line":18,"column":42},"end":{"line":18,"column":74}}],"line":18}},"s":{"0":0,"1":0,"2":0,"3":0,"4":0,"5":0},"f":{"0":0},"b":{"0":[0,0],"1":[0,0],"2":[0,0],"3":[0,0]}}
,"/root/ol-explorer/src/components/SearchBar.tsx": {"path":"/root/ol-explorer/src/components/SearchBar.tsx","statementMap":{"0":{"start":{"line":7,"column":35},"end":{"line":115,"column":1}},"1":{"start":{"line":8,"column":42},"end":{"line":8,"column":54}},"2":{"start":{"line":9,"column":42},"end":{"line":9,"column":57}},"3":{"start":{"line":10,"column":30},"end":{"line":10,"column":59}},"4":{"start":{"line":11,"column":16},"end":{"line":11,"column":24}},"5":{"start":{"line":14,"column":26},"end":{"line":14,"column":57}},"6":{"start":{"line":16,"column":26},"end":{"line":29,"column":5}},"7":{"start":{"line":17,"column":8},"end":{"line":28,"column":19}},"8":{"start":{"line":31,"column":25},"end":{"line":79,"column":5}},"9":{"start":{"line":32,"column":8},"end":{"line":32,"column":40}},"10":{"start":{"line":32,"column":33},"end":{"line":32,"column":40}},"11":{"start":{"line":34,"column":8},"end":{"line":34,"column":24}},"12":{"start":{"line":35,"column":8},"end":{"line":35,"column":29}},"13":{"start":{"line":36,"column":8},"end":{"line":36,"column":23}},"14":{"start":{"line":38,"column":8},"end":{"line":78,"column":9}},"15":{"start":{"line":39,"column":26},"end":{"line":39,"column":44}},"16":{"start":{"line":43,"column":12},"end":{"line":57,"column":13}},"17":{"start":{"line":47,"column":36},"end":{"line":47,"column":63}},"18":{"start":{"line":49,"column":16},"end":{"line":56,"column":17}},"19":{"start":{"line":51,"column":20},"end":{"line":51,"column":80}},"20":{"start":{"line":52,"column":20},"end":{"line":52,"column":53}},"21":{"start":{"line":53,"column":20},"end":{"line":53,"column":39}},"22":{"start":{"line":54,"column":20},"end":{"line":54,"column":42}},"23":{"start":{"line":55,"column":20},"end":{"line":55,"column":27}},"24":{"start":{"line":60,"column":12},"end":{"line":60,"column":65}},"25":{"start":{"line":61,"column":30},"end":{"line":61,"column":67}},"26":{"start":{"line":63,"column":12},"end":{"line":69,"column":13}},"27":{"start":{"line":64,"column":16},"end":{"line":64,"column":84}},"28":{"start":{"line":65,"column":16},"end":{"line":65,"column":44}},"29":{"start":{"line":66,"column":16},"end":{"line":66,"column":35}},"30":{"start":{"line":67,"column":16},"end":{"line":67,"column":38}},"31":{"start":{"line":68,"column":16},"end":{"line":68,"column":23}},"32":{"start":{"line":72,"column":12},"end":{"line":72,"column":77}},"33":{"start":{"line":74,"column":12},"end":{"line":74,"column":48}},"34":{"start":{"line":75,"column":12},"end":{"line":75,"column":48}},"35":{"start":{"line":77,"column":12},"end":{"line":77,"column":34}},"36":{"start":{"line":81,"column":4},"end":{"line":114,"column":6}}},"fnMap":{"0":{"name":"(anonymous_0)","decl":{"start":{"line":7,"column":35},"end":{"line":7,"column":36}},"loc":{"start":{"line":7,"column":41},"end":{"line":115,"column":1}},"line":7},"1":{"name":"(anonymous_1)","decl":{"start":{"line":16,"column":26},"end":{"line":16,"column":27}},"loc":{"start":{"line":16,"column":32},"end":{"line":29,"column":5}},"line":16},"2":{"name":"(anonymous_2)","decl":{"start":{"line":31,"column":25},"end":{"line":31,"column":26}},"loc":{"start":{"line":31,"column":37},"end":{"line":79,"column":5}},"line":31}},"branchMap":{"0":{"loc":{"start":{"line":32,"column":8},"end":{"line":32,"column":40}},"type":"if","locations":[{"start":{"line":32,"column":8},"end":{"line":32,"column":40}},{"start":{},"end":{}}],"line":32},"1":{"loc":{"start":{"line":43,"column":12},"end":{"line":57,"column":13}},"type":"if","locations":[{"start":{"line":43,"column":12},"end":{"line":57,"column":13}},{"start":{},"end":{}}],"line":43},"2":{"loc":{"start":{"line":49,"column":16},"end":{"line":56,"column":17}},"type":"if","locations":[{"start":{"line":49,"column":16},"end":{"line":56,"column":17}},{"start":{},"end":{}}],"line":49},"3":{"loc":{"start":{"line":63,"column":12},"end":{"line":69,"column":13}},"type":"if","locations":[{"start":{"line":63,"column":12},"end":{"line":69,"column":13}},{"start":{},"end":{}}],"line":63},"4":{"loc":{"start":{"line":97,"column":96},"end":{"line":97,"column":127}},"type":"cond-expr","locations":[{"start":{"line":97,"column":110},"end":{"line":97,"column":122}},{"start":{"line":97,"column":125},"end":{"line":97,"column":127}}],"line":97},"5":{"loc":{"start":{"line":102,"column":25},"end":{"line":106,"column":25}},"type":"cond-expr","locations":[{"start":{"line":103,"column":28},"end":{"line":103,"column":78}},{"start":{"line":105,"column":28},"end":{"line":105,"column":88}}],"line":102},"6":{"loc":{"start":{"line":110,"column":13},"end":{"line":112,"column":13}},"type":"binary-expr","locations":[{"start":{"line":110,"column":13},"end":{"line":110,"column":18}},{"start":{"line":111,"column":16},"end":{"line":111,"column":120}}],"line":110}},"s":{"0":0,"1":0,"2":0,"3":0,"4":0,"5":0,"6":0,"7":0,"8":0,"9":0,"10":0,"11":0,"12":0,"13":0,"14":0,"15":0,"16":0,"17":0,"18":0,"19":0,"20":0,"21":0,"22":0,"23":0,"24":0,"25":0,"26":0,"27":0,"28":0,"29":0,"30":0,"31":0,"32":0,"33":0,"34":0,"35":0,"36":0},"f":{"0":0,"1":0,"2":0},"b":{"0":[0,0],"1":[0,0],"2":[0,0],"3":[0,0],"4":[0,0],"5":[0,0],"6":[0,0]}}
,"/root/ol-explorer/src/components/TransactionsList.tsx": {"path":"/root/ol-explorer/src/components/TransactionsList.tsx","statementMap":{"0":{"start":{"line":23,"column":32},"end":{"line":272,"column":2}},"1":{"start":{"line":28,"column":42},"end":{"line":28,"column":57}},"2":{"start":{"line":29,"column":28},"end":{"line":29,"column":43}},"3":{"start":{"line":30,"column":20},"end":{"line":30,"column":41}},"4":{"start":{"line":31,"column":24},"end":{"line":31,"column":40}},"5":{"start":{"line":34,"column":24},"end":{"line":42,"column":3}},"6":{"start":{"line":35,"column":4},"end":{"line":41,"column":5}},"7":{"start":{"line":36,"column":6},"end":{"line":36,"column":28}},"8":{"start":{"line":37,"column":6},"end":{"line":37,"column":24}},"9":{"start":{"line":38,"column":6},"end":{"line":40,"column":14}},"10":{"start":{"line":39,"column":8},"end":{"line":39,"column":31}},"11":{"start":{"line":45,"column":19},"end":{"line":45,"column":30}},"12":{"start":{"line":48,"column":23},"end":{"line":48,"column":57}},"13":{"start":{"line":49,"column":20},"end":{"line":49,"column":51}},"14":{"start":{"line":51,"column":33},"end":{"line":65,"column":3}},"15":{"start":{"line":53,"column":27},"end":{"line":53,"column":57}},"16":{"start":{"line":56,"column":4},"end":{"line":59,"column":5}},"17":{"start":{"line":57,"column":6},"end":{"line":57,"column":55}},"18":{"start":{"line":58,"column":6},"end":{"line":58,"column":13}},"19":{"start":{"line":61,"column":4},"end":{"line":61,"column":91}},"20":{"start":{"line":64,"column":4},"end":{"line":64,"column":41}},"21":{"start":{"line":68,"column":21},"end":{"line":71,"column":3}},"22":{"start":{"line":69,"column":4},"end":{"line":69,"column":39}},"23":{"start":{"line":69,"column":27},"end":{"line":69,"column":39}},"24":{"start":{"line":70,"column":4},"end":{"line":70,"column":47}},"25":{"start":{"line":74,"column":27},"end":{"line":76,"column":3}},"26":{"start":{"line":75,"column":4},"end":{"line":75,"column":28}},"27":{"start":{"line":78,"column":23},"end":{"line":81,"column":3}},"28":{"start":{"line":79,"column":4},"end":{"line":79,"column":38}},"29":{"start":{"line":79,"column":27},"end":{"line":79,"column":38}},"30":{"start":{"line":80,"column":4},"end":{"line":80,"column":40}},"31":{"start":{"line":84,"column":27},"end":{"line":100,"column":3}},"32":{"start":{"line":86,"column":4},"end":{"line":88,"column":5}},"33":{"start":{"line":87,"column":6},"end":{"line":87,"column":46}},"34":{"start":{"line":90,"column":4},"end":{"line":99,"column":5}},"35":{"start":{"line":92,"column":8},"end":{"line":92,"column":24}},"36":{"start":{"line":94,"column":8},"end":{"line":94,"column":24}},"37":{"start":{"line":96,"column":8},"end":{"line":96,"column":32}},"38":{"start":{"line":98,"column":8},"end":{"line":98,"column":20}},"39":{"start":{"line":103,"column":31},"end":{"line":122,"column":3}},"40":{"start":{"line":105,"column":4},"end":{"line":105,"column":80}},"41":{"start":{"line":105,"column":43},"end":{"line":105,"column":80}},"42":{"start":{"line":106,"column":4},"end":{"line":106,"column":78}},"43":{"start":{"line":106,"column":41},"end":{"line":106,"column":78}},"44":{"start":{"line":107,"column":4},"end":{"line":107,"column":64}},"45":{"start":{"line":107,"column":27},"end":{"line":107,"column":64}},"46":{"start":{"line":108,"column":4},"end":{"line":108,"column":64}},"47":{"start":{"line":108,"column":27},"end":{"line":108,"column":64}},"48":{"start":{"line":109,"column":4},"end":{"line":109,"column":72}},"49":{"start":{"line":109,"column":35},"end":{"line":109,"column":72}},"50":{"start":{"line":112,"column":21},"end":{"line":112,"column":43}},"51":{"start":{"line":113,"column":25},"end":{"line":119,"column":5}},"52":{"start":{"line":121,"column":4},"end":{"line":121,"column":34}},"53":{"start":{"line":124,"column":28},"end":{"line":138,"column":3}},"54":{"start":{"line":125,"column":4},"end":{"line":128,"column":5}},"55":{"start":{"line":127,"column":6},"end":{"line":127,"column":18}},"56":{"start":{"line":130,"column":4},"end":{"line":137,"column":6}},"57":{"start":{"line":140,"column":32},"end":{"line":193,"column":3}},"58":{"start":{"line":141,"column":26},"end":{"line":141,"column":53}},"59":{"start":{"line":142,"column":30},"end":{"line":142,"column":61}},"60":{"start":{"line":145,"column":4},"end":{"line":173,"column":5}},"61":{"start":{"line":146,"column":6},"end":{"line":172,"column":8}},"62":{"start":{"line":150,"column":25},"end":{"line":150,"column":58}},"63":{"start":{"line":176,"column":4},"end":{"line":192,"column":6}},"64":{"start":{"line":180,"column":23},"end":{"line":180,"column":56}},"65":{"start":{"line":196,"column":2},"end":{"line":216,"column":3}},"66":{"start":{"line":197,"column":4},"end":{"line":215,"column":6}},"67":{"start":{"line":219,"column":2},"end":{"line":242,"column":3}},"68":{"start":{"line":220,"column":4},"end":{"line":241,"column":6}},"69":{"start":{"line":245,"column":2},"end":{"line":271,"column":4}},"70":{"start":{"line":262,"column":38},"end":{"line":262,"column":65}}},"fnMap":{"0":{"name":"(anonymous_0)","decl":{"start":{"line":23,"column":41},"end":{"line":23,"column":42}},"loc":{"start":{"line":26,"column":29},"end":{"line":272,"column":1}},"line":26},"1":{"name":"(anonymous_1)","decl":{"start":{"line":34,"column":24},"end":{"line":34,"column":25}},"loc":{"start":{"line":34,"column":36},"end":{"line":42,"column":3}},"line":34},"2":{"name":"(anonymous_2)","decl":{"start":{"line":38,"column":17},"end":{"line":38,"column":18}},"loc":{"start":{"line":38,"column":23},"end":{"line":40,"column":7}},"line":38},"3":{"name":"(anonymous_3)","decl":{"start":{"line":51,"column":33},"end":{"line":51,"column":34}},"loc":{"start":{"line":51,"column":51},"end":{"line":65,"column":3}},"line":51},"4":{"name":"(anonymous_4)","decl":{"start":{"line":68,"column":21},"end":{"line":68,"column":22}},"loc":{"start":{"line":68,"column":39},"end":{"line":71,"column":3}},"line":68},"5":{"name":"(anonymous_5)","decl":{"start":{"line":74,"column":27},"end":{"line":74,"column":28}},"loc":{"start":{"line":74,"column":45},"end":{"line":76,"column":3}},"line":74},"6":{"name":"(anonymous_6)","decl":{"start":{"line":78,"column":23},"end":{"line":78,"column":24}},"loc":{"start":{"line":78,"column":61},"end":{"line":81,"column":3}},"line":78},"7":{"name":"(anonymous_7)","decl":{"start":{"line":84,"column":27},"end":{"line":84,"column":28}},"loc":{"start":{"line":84,"column":45},"end":{"line":100,"column":3}},"line":84},"8":{"name":"(anonymous_8)","decl":{"start":{"line":103,"column":31},"end":{"line":103,"column":32}},"loc":{"start":{"line":103,"column":49},"end":{"line":122,"column":3}},"line":103},"9":{"name":"(anonymous_9)","decl":{"start":{"line":124,"column":28},"end":{"line":124,"column":29}},"loc":{"start":{"line":124,"column":34},"end":{"line":138,"column":3}},"line":124},"10":{"name":"(anonymous_10)","decl":{"start":{"line":140,"column":32},"end":{"line":140,"column":33}},"loc":{"start":{"line":140,"column":47},"end":{"line":193,"column":3}},"line":140},"11":{"name":"(anonymous_11)","decl":{"start":{"line":150,"column":19},"end":{"line":150,"column":20}},"loc":{"start":{"line":150,"column":25},"end":{"line":150,"column":58}},"line":150},"12":{"name":"(anonymous_12)","decl":{"start":{"line":180,"column":17},"end":{"line":180,"column":18}},"loc":{"start":{"line":180,"column":23},"end":{"line":180,"column":56}},"line":180},"13":{"name":"(anonymous_13)","decl":{"start":{"line":262,"column":30},"end":{"line":262,"column":31}},"loc":{"start":{"line":262,"column":38},"end":{"line":262,"column":65}},"line":262}},"branchMap":{"0":{"loc":{"start":{"line":35,"column":4},"end":{"line":41,"column":5}},"type":"if","locations":[{"start":{"line":35,"column":4},"end":{"line":41,"column":5}},{"start":{},"end":{}}],"line":35},"1":{"loc":{"start":{"line":35,"column":8},"end":{"line":35,"column":34}},"type":"binary-expr","locations":[{"start":{"line":35,"column":8},"end":{"line":35,"column":17}},{"start":{"line":35,"column":21},"end":{"line":35,"column":34}}],"line":35},"2":{"loc":{"start":{"line":56,"column":4},"end":{"line":59,"column":5}},"type":"if","locations":[{"start":{"line":56,"column":4},"end":{"line":59,"column":5}},{"start":{},"end":{}}],"line":56},"3":{"loc":{"start":{"line":69,"column":4},"end":{"line":69,"column":39}},"type":"if","locations":[{"start":{"line":69,"column":4},"end":{"line":69,"column":39}},{"start":{},"end":{}}],"line":69},"4":{"loc":{"start":{"line":79,"column":4},"end":{"line":79,"column":38}},"type":"if","locations":[{"start":{"line":79,"column":4},"end":{"line":79,"column":38}},{"start":{},"end":{}}],"line":79},"5":{"loc":{"start":{"line":86,"column":4},"end":{"line":88,"column":5}},"type":"if","locations":[{"start":{"line":86,"column":4},"end":{"line":88,"column":5}},{"start":{},"end":{}}],"line":86},"6":{"loc":{"start":{"line":90,"column":4},"end":{"line":99,"column":5}},"type":"switch","locations":[{"start":{"line":91,"column":6},"end":{"line":92,"column":24}},{"start":{"line":93,"column":6},"end":{"line":94,"column":24}},{"start":{"line":95,"column":6},"end":{"line":96,"column":32}},{"start":{"line":97,"column":6},"end":{"line":98,"column":20}}],"line":90},"7":{"loc":{"start":{"line":105,"column":4},"end":{"line":105,"column":80}},"type":"if","locations":[{"start":{"line":105,"column":4},"end":{"line":105,"column":80}},{"start":{},"end":{}}],"line":105},"8":{"loc":{"start":{"line":106,"column":4},"end":{"line":106,"column":78}},"type":"if","locations":[{"start":{"line":106,"column":4},"end":{"line":106,"column":78}},{"start":{},"end":{}}],"line":106},"9":{"loc":{"start":{"line":107,"column":4},"end":{"line":107,"column":64}},"type":"if","locations":[{"start":{"line":107,"column":4},"end":{"line":107,"column":64}},{"start":{},"end":{}}],"line":107},"10":{"loc":{"start":{"line":108,"column":4},"end":{"line":108,"column":64}},"type":"if","locations":[{"start":{"line":108,"column":4},"end":{"line":108,"column":64}},{"start":{},"end":{}}],"line":108},"11":{"loc":{"start":{"line":109,"column":4},"end":{"line":109,"column":72}},"type":"if","locations":[{"start":{"line":109,"column":4},"end":{"line":109,"column":72}},{"start":{},"end":{}}],"line":109},"12":{"loc":{"start":{"line":125,"column":4},"end":{"line":128,"column":5}},"type":"if","locations":[{"start":{"line":125,"column":4},"end":{"line":128,"column":5}},{"start":{},"end":{}}],"line":125},"13":{"loc":{"start":{"line":145,"column":4},"end":{"line":173,"column":5}},"type":"if","locations":[{"start":{"line":145,"column":4},"end":{"line":173,"column":5}},{"start":{},"end":{}}],"line":145},"14":{"loc":{"start":{"line":196,"column":2},"end":{"line":216,"column":3}},"type":"if","locations":[{"start":{"line":196,"column":2},"end":{"line":216,"column":3}},{"start":{},"end":{}}],"line":196},"15":{"loc":{"start":{"line":196,"column":6},"end":{"line":196,"column":44}},"type":"binary-expr","locations":[{"start":{"line":196,"column":6},"end":{"line":196,"column":15}},{"start":{"line":196,"column":19},"end":{"line":196,"column":44}}],"line":196},"16":{"loc":{"start":{"line":219,"column":2},"end":{"line":242,"column":3}},"type":"if","locations":[{"start":{"line":219,"column":2},"end":{"line":242,"column":3}},{"start":{},"end":{}}],"line":219},"17":{"loc":{"start":{"line":219,"column":6},"end":{"line":219,"column":45}},"type":"binary-expr","locations":[{"start":{"line":219,"column":6},"end":{"line":219,"column":31}},{"start":{"line":219,"column":35},"end":{"line":219,"column":45}}],"line":219},"18":{"loc":{"start":{"line":226,"column":13},"end":{"line":228,"column":20}},"type":"cond-expr","locations":[{"start":{"line":227,"column":14},"end":{"line":227,"column":64}},{"start":{"line":228,"column":16},"end":{"line":228,"column":20}}],"line":226},"19":{"loc":{"start":{"line":253,"column":11},"end":{"line":255,"column":18}},"type":"cond-expr","locations":[{"start":{"line":254,"column":12},"end":{"line":254,"column":62}},{"start":{"line":255,"column":14},"end":{"line":255,"column":18}}],"line":253},"20":{"loc":{"start":{"line":260,"column":9},"end":{"line":268,"column":9}},"type":"cond-expr","locations":[{"start":{"line":261,"column":10},"end":{"line":263,"column":17}},{"start":{"line":265,"column":10},"end":{"line":267,"column":17}}],"line":260}},"s":{"0":0,"1":0,"2":0,"3":0,"4":0,"5":0,"6":0,"7":0,"8":0,"9":0,"10":0,"11":0,"12":0,"13":0,"14":0,"15":0,"16":0,"17":0,"18":0,"19":0,"20":0,"21":0,"22":0,"23":0,"24":0,"25":0,"26":0,"27":0,"28":0,"29":0,"30":0,"31":0,"32":0,"33":0,"34":0,"35":0,"36":0,"37":0,"38":0,"39":0,"40":0,"41":0,"42":0,"43":0,"44":0,"45":0,"46":0,"47":0,"48":0,"49":0,"50":0,"51":0,"52":0,"53":0,"54":0,"55":0,"56":0,"57":0,"58":0,"59":0,"60":0,"61":0,"62":0,"63":0,"64":0,"65":0,"66":0,"67":0,"68":0,"69":0,"70":0},"f":{"0":0,"1":0,"2":0,"3":0,"4":0,"5":0,"6":0,"7":0,"8":0,"9":0,"10":0,"11":0,"12":0,"13":0},"b":{"0":[0,0],"1":[0,0],"2":[0,0],"3":[0,0],"4":[0,0],"5":[0,0],"6":[0,0,0,0],"7":[0,0],"8":[0,0],"9":[0,0],"10":[0,0],"11":[0,0],"12":[0,0],"13":[0,0],"14":[0,0],"15":[0,0],"16":[0,0],"17":[0,0],"18":[0,0],"19":[0,0],"20":[0,0]}}
,"/root/ol-explorer/src/config/sdkConfig.ts": {"path":"/root/ol-explorer/src/config/sdkConfig.ts","statementMap":{"0":{"start":{"line":37,"column":29},"end":{"line":61,"column":1}}},"fnMap":{},"branchMap":{},"s":{"0":0},"f":{},"b":{}}
,"/root/ol-explorer/src/config/tokenConfig.ts": {"path":"/root/ol-explorer/src/config/tokenConfig.ts","statementMap":{"0":{"start":{"line":21,"column":33},"end":{"line":31,"column":1}}},"fnMap":{},"branchMap":{},"s":{"0":0},"f":{},"b":{}}
,"/root/ol-explorer/src/context/SdkContext.tsx": {"path":"/root/ol-explorer/src/context/SdkContext.tsx","statementMap":{"0":{"start":{"line":12,"column":26},"end":{"line":12,"column":63}},"1":{"start":{"line":24,"column":19},"end":{"line":31,"column":2}},"2":{"start":{"line":34,"column":29},"end":{"line":34,"column":57}},"3":{"start":{"line":34,"column":35},"end":{"line":34,"column":57}},"4":{"start":{"line":40,"column":55},"end":{"line":472,"column":1}},"5":{"start":{"line":41,"column":26},"end":{"line":41,"column":62}},"6":{"start":{"line":42,"column":46},"end":{"line":42,"column":61}},"7":{"start":{"line":43,"column":48},"end":{"line":43,"column":63}},"8":{"start":{"line":44,"column":30},"end":{"line":44,"column":58}},"9":{"start":{"line":45,"column":50},"end":{"line":45,"column":65}},"10":{"start":{"line":46,"column":38},"end":{"line":46,"column":57}},"11":{"start":{"line":49,"column":26},"end":{"line":415,"column":5}},"12":{"start":{"line":50,"column":8},"end":{"line":50,"column":52}},"13":{"start":{"line":50,"column":45},"end":{"line":50,"column":52}},"14":{"start":{"line":52,"column":8},"end":{"line":52,"column":32}},"15":{"start":{"line":53,"column":8},"end":{"line":53,"column":23}},"16":{"start":{"line":54,"column":8},"end":{"line":54,"column":34}},"17":{"start":{"line":56,"column":8},"end":{"line":414,"column":9}},"18":{"start":{"line":57,"column":12},"end":{"line":57,"column":57}},"19":{"start":{"line":60,"column":27},"end":{"line":65,"column":13}},"20":{"start":{"line":68,"column":12},"end":{"line":68,"column":33}},"21":{"start":{"line":71,"column":12},"end":{"line":71,"column":41}},"22":{"start":{"line":74,"column":42},"end":{"line":283,"column":13}},"23":{"start":{"line":76,"column":20},"end":{"line":76,"column":80}},"24":{"start":{"line":77,"column":33},"end":{"line":77,"column":61}},"25":{"start":{"line":78,"column":20},"end":{"line":78,"column":59}},"26":{"start":{"line":81,"column":20},"end":{"line":81,"column":73}},"27":{"start":{"line":82,"column":33},"end":{"line":82,"column":61}},"28":{"start":{"line":83,"column":20},"end":{"line":83,"column":52}},"29":{"start":{"line":86,"column":20},"end":{"line":86,"column":69}},"30":{"start":{"line":87,"column":33},"end":{"line":87,"column":61}},"31":{"start":{"line":89,"column":20},"end":{"line":89,"column":49}},"32":{"start":{"line":92,"column":20},"end":{"line":92,"column":88}},"33":{"start":{"line":94,"column":32},"end":{"line":94,"column":84}},"34":{"start":{"line":97,"column":20},"end":{"line":111,"column":24}},"35":{"start":{"line":97,"column":49},"end":{"line":111,"column":21}},"36":{"start":{"line":115,"column":43},"end":{"line":115,"column":73}},"37":{"start":{"line":118,"column":20},"end":{"line":121,"column":21}},"38":{"start":{"line":119,"column":24},"end":{"line":119,"column":78}},"39":{"start":{"line":120,"column":24},"end":{"line":120,"column":36}},"40":{"start":{"line":123,"column":20},"end":{"line":123,"column":90}},"41":{"start":{"line":125,"column":20},"end":{"line":164,"column":21}},"42":{"start":{"line":127,"column":41},"end":{"line":127,"column":76}},"43":{"start":{"line":128,"column":35},"end":{"line":128,"column":78}},"44":{"start":{"line":130,"column":24},"end":{"line":130,"column":45}},"45":{"start":{"line":130,"column":33},"end":{"line":130,"column":45}},"46":{"start":{"line":133,"column":38},"end":{"line":133,"column":47}},"47":{"start":{"line":135,"column":24},"end":{"line":160,"column":26}},"48":{"start":{"line":149,"column":78},"end":{"line":152,"column":29}},"49":{"start":{"line":153,"column":81},"end":{"line":158,"column":29}},"50":{"start":{"line":162,"column":24},"end":{"line":162,"column":94}},"51":{"start":{"line":163,"column":24},"end":{"line":163,"column":36}},"52":{"start":{"line":168,"column":20},"end":{"line":171,"column":21}},"53":{"start":{"line":169,"column":24},"end":{"line":169,"column":90}},"54":{"start":{"line":170,"column":24},"end":{"line":170,"column":36}},"55":{"start":{"line":174,"column":46},"end":{"line":174,"column":71}},"56":{"start":{"line":175,"column":20},"end":{"line":175,"column":105}},"57":{"start":{"line":177,"column":20},"end":{"line":240,"column":21}},"58":{"start":{"line":182,"column":48},"end":{"line":184,"column":25}},"59":{"start":{"line":187,"column":42},"end":{"line":187,"column":91}},"60":{"start":{"line":190,"column":38},"end":{"line":190,"column":39}},"61":{"start":{"line":191,"column":45},"end":{"line":191,"column":46}},"62":{"start":{"line":194,"column":45},"end":{"line":199,"column":25}},"63":{"start":{"line":195,"column":28},"end":{"line":198,"column":72}},"64":{"start":{"line":202,"column":24},"end":{"line":209,"column":25}},"65":{"start":{"line":203,"column":49},"end":{"line":203,"column":73}},"66":{"start":{"line":204,"column":28},"end":{"line":208,"column":29}},"67":{"start":{"line":206,"column":32},"end":{"line":206,"column":76}},"68":{"start":{"line":207,"column":32},"end":{"line":207,"column":64}},"69":{"start":{"line":207,"column":52},"end":{"line":207,"column":64}},"70":{"start":{"line":212,"column":24},"end":{"line":225,"column":25}},"71":{"start":{"line":215,"column":46},"end":{"line":215,"column":59}},"72":{"start":{"line":216,"column":28},"end":{"line":221,"column":29}},"73":{"start":{"line":217,"column":52},"end":{"line":219,"column":34}},"74":{"start":{"line":220,"column":32},"end":{"line":220,"column":103}},"75":{"start":{"line":223,"column":28},"end":{"line":223,"column":83}},"76":{"start":{"line":228,"column":24},"end":{"line":236,"column":26}},"77":{"start":{"line":232,"column":73},"end":{"line":235,"column":29}},"78":{"start":{"line":238,"column":24},"end":{"line":238,"column":91}},"79":{"start":{"line":239,"column":24},"end":{"line":239,"column":36}},"80":{"start":{"line":248,"column":20},"end":{"line":281,"column":21}},"81":{"start":{"line":250,"column":43},"end":{"line":250,"column":71}},"82":{"start":{"line":252,"column":24},"end":{"line":254,"column":25}},"83":{"start":{"line":253,"column":28},"end":{"line":253,"column":78}},"84":{"start":{"line":256,"column":24},"end":{"line":266,"column":26}},"85":{"start":{"line":268,"column":24},"end":{"line":268,"column":76}},"86":{"start":{"line":270,"column":24},"end":{"line":280,"column":26}},"87":{"start":{"line":285,"column":12},"end":{"line":285,"column":57}},"88":{"start":{"line":286,"column":12},"end":{"line":286,"column":27}},"89":{"start":{"line":287,"column":12},"end":{"line":287,"column":35}},"90":{"start":{"line":289,"column":12},"end":{"line":289,"column":60}},"91":{"start":{"line":292,"column":12},"end":{"line":411,"column":13}},"92":{"start":{"line":293,"column":16},"end":{"line":407,"column":17}},"93":{"start":{"line":294,"column":20},"end":{"line":294,"column":81}},"94":{"start":{"line":295,"column":39},"end":{"line":295,"column":62}},"95":{"start":{"line":296,"column":20},"end":{"line":296,"column":45}},"96":{"start":{"line":299,"column":51},"end":{"line":398,"column":21}},"97":{"start":{"line":300,"column":58},"end":{"line":300,"column":64}},"98":{"start":{"line":301,"column":52},"end":{"line":301,"column":54}},"99":{"start":{"line":302,"column":48},"end":{"line":302,"column":62}},"100":{"start":{"line":304,"column":49},"end":{"line":304,"column":92}},"101":{"start":{"line":305,"column":28},"end":{"line":319,"column":32}},"102":{"start":{"line":305,"column":66},"end":{"line":319,"column":29}},"103":{"start":{"line":322,"column":28},"end":{"line":322,"column":51}},"104":{"start":{"line":322,"column":39},"end":{"line":322,"column":51}},"105":{"start":{"line":323,"column":39},"end":{"line":323,"column":82}},"106":{"start":{"line":324,"column":28},"end":{"line":324,"column":49}},"107":{"start":{"line":324,"column":37},"end":{"line":324,"column":49}},"108":{"start":{"line":326,"column":28},"end":{"line":343,"column":30}},"109":{"start":{"line":346,"column":28},"end":{"line":346,"column":54}},"110":{"start":{"line":346,"column":42},"end":{"line":346,"column":54}},"111":{"start":{"line":349,"column":54},"end":{"line":349,"column":79}},"112":{"start":{"line":350,"column":28},"end":{"line":350,"column":102}},"113":{"start":{"line":352,"column":28},"end":{"line":379,"column":29}},"114":{"start":{"line":355,"column":54},"end":{"line":355,"column":71}},"115":{"start":{"line":356,"column":48},"end":{"line":356,"column":50}},"116":{"start":{"line":357,"column":53},"end":{"line":357,"column":54}},"117":{"start":{"line":360,"column":32},"end":{"line":362,"column":33}},"118":{"start":{"line":361,"column":36},"end":{"line":361,"column":107}},"119":{"start":{"line":365,"column":32},"end":{"line":368,"column":33}},"120":{"start":{"line":366,"column":56},"end":{"line":366,"column":105}},"121":{"start":{"line":367,"column":36},"end":{"line":367,"column":107}},"122":{"start":{"line":370,"column":32},"end":{"line":375,"column":34}},"123":{"start":{"line":377,"column":32},"end":{"line":377,"column":90}},"124":{"start":{"line":378,"column":32},"end":{"line":378,"column":44}},"125":{"start":{"line":383,"column":28},"end":{"line":393,"column":30}},"126":{"start":{"line":400,"column":20},"end":{"line":400,"column":36}},"127":{"start":{"line":401,"column":20},"end":{"line":401,"column":43}},"128":{"start":{"line":402,"column":20},"end":{"line":402,"column":45}},"129":{"start":{"line":403,"column":20},"end":{"line":403,"column":102}},"130":{"start":{"line":405,"column":20},"end":{"line":405,"column":73}},"131":{"start":{"line":406,"column":20},"end":{"line":406,"column":106}},"132":{"start":{"line":410,"column":16},"end":{"line":410,"column":93}},"133":{"start":{"line":413,"column":12},"end":{"line":413,"column":37}},"134":{"start":{"line":418,"column":4},"end":{"line":432,"column":11}},"135":{"start":{"line":420,"column":8},"end":{"line":420,"column":63}},"136":{"start":{"line":424,"column":26},"end":{"line":426,"column":15}},"137":{"start":{"line":425,"column":12},"end":{"line":425,"column":28}},"138":{"start":{"line":429,"column":8},"end":{"line":431,"column":10}},"139":{"start":{"line":430,"column":12},"end":{"line":430,"column":36}},"140":{"start":{"line":435,"column":4},"end":{"line":449,"column":47}},"141":{"start":{"line":438,"column":8},"end":{"line":448,"column":9}},"142":{"start":{"line":439,"column":12},"end":{"line":439,"column":79}},"143":{"start":{"line":440,"column":31},"end":{"line":443,"column":36}},"144":{"start":{"line":441,"column":16},"end":{"line":441,"column":67}},"145":{"start":{"line":442,"column":16},"end":{"line":442,"column":32}},"146":{"start":{"line":445,"column":12},"end":{"line":447,"column":14}},"147":{"start":{"line":446,"column":16},"end":{"line":446,"column":41}},"148":{"start":{"line":452,"column":25},"end":{"line":456,"column":5}},"149":{"start":{"line":453,"column":8},"end":{"line":453,"column":32}},"150":{"start":{"line":454,"column":8},"end":{"line":454,"column":21}},"151":{"start":{"line":455,"column":8},"end":{"line":455,"column":30}},"152":{"start":{"line":458,"column":41},"end":{"line":465,"column":5}},"153":{"start":{"line":467,"column":4},"end":{"line":471,"column":6}}},"fnMap":{"0":{"name":"(anonymous_0)","decl":{"start":{"line":29,"column":18},"end":{"line":29,"column":19}},"loc":{"start":{"line":29,"column":30},"end":{"line":29,"column":33}},"line":29},"1":{"name":"(anonymous_1)","decl":{"start":{"line":34,"column":29},"end":{"line":34,"column":30}},"loc":{"start":{"line":34,"column":35},"end":{"line":34,"column":57}},"line":34},"2":{"name":"(anonymous_2)","decl":{"start":{"line":40,"column":55},"end":{"line":40,"column":56}},"loc":{"start":{"line":40,"column":73},"end":{"line":472,"column":1}},"line":40},"3":{"name":"(anonymous_3)","decl":{"start":{"line":49,"column":26},"end":{"line":49,"column":27}},"loc":{"start":{"line":49,"column":38},"end":{"line":415,"column":5}},"line":49},"4":{"name":"(anonymous_4)","decl":{"start":{"line":75,"column":38},"end":{"line":75,"column":39}},"loc":{"start":{"line":75,"column":50},"end":{"line":79,"column":17}},"line":75},"5":{"name":"(anonymous_5)","decl":{"start":{"line":80,"column":32},"end":{"line":80,"column":33}},"loc":{"start":{"line":80,"column":44},"end":{"line":84,"column":17}},"line":80},"6":{"name":"(anonymous_6)","decl":{"start":{"line":85,"column":28},"end":{"line":85,"column":29}},"loc":{"start":{"line":85,"column":40},"end":{"line":90,"column":17}},"line":85},"7":{"name":"(anonymous_7)","decl":{"start":{"line":91,"column":33},"end":{"line":91,"column":34}},"loc":{"start":{"line":91,"column":50},"end":{"line":112,"column":17}},"line":91},"8":{"name":"(anonymous_8)","decl":{"start":{"line":97,"column":35},"end":{"line":97,"column":36}},"loc":{"start":{"line":97,"column":49},"end":{"line":111,"column":21}},"line":97},"9":{"name":"(anonymous_9)","decl":{"start":{"line":113,"column":38},"end":{"line":113,"column":39}},"loc":{"start":{"line":113,"column":54},"end":{"line":165,"column":17}},"line":113},"10":{"name":"(anonymous_10)","decl":{"start":{"line":149,"column":61},"end":{"line":149,"column":62}},"loc":{"start":{"line":149,"column":78},"end":{"line":152,"column":29}},"line":149},"11":{"name":"(anonymous_11)","decl":{"start":{"line":153,"column":63},"end":{"line":153,"column":64}},"loc":{"start":{"line":153,"column":81},"end":{"line":158,"column":29}},"line":153},"12":{"name":"(anonymous_12)","decl":{"start":{"line":166,"column":28},"end":{"line":166,"column":29}},"loc":{"start":{"line":166,"column":47},"end":{"line":241,"column":17}},"line":166},"13":{"name":"(anonymous_13)","decl":{"start":{"line":194,"column":60},"end":{"line":194,"column":61}},"loc":{"start":{"line":195,"column":28},"end":{"line":198,"column":72}},"line":195},"14":{"name":"(anonymous_14)","decl":{"start":{"line":232,"column":53},"end":{"line":232,"column":54}},"loc":{"start":{"line":232,"column":73},"end":{"line":235,"column":29}},"line":232},"15":{"name":"(anonymous_15)","decl":{"start":{"line":247,"column":31},"end":{"line":247,"column":32}},"loc":{"start":{"line":247,"column":63},"end":{"line":282,"column":17}},"line":247},"16":{"name":"(anonymous_16)","decl":{"start":{"line":300,"column":46},"end":{"line":300,"column":47}},"loc":{"start":{"line":300,"column":58},"end":{"line":300,"column":64}},"line":300},"17":{"name":"(anonymous_17)","decl":{"start":{"line":301,"column":40},"end":{"line":301,"column":41}},"loc":{"start":{"line":301,"column":52},"end":{"line":301,"column":54}},"line":301},"18":{"name":"(anonymous_18)","decl":{"start":{"line":302,"column":36},"end":{"line":302,"column":37}},"loc":{"start":{"line":302,"column":48},"end":{"line":302,"column":62}},"line":302},"19":{"name":"(anonymous_19)","decl":{"start":{"line":303,"column":41},"end":{"line":303,"column":42}},"loc":{"start":{"line":303,"column":63},"end":{"line":320,"column":25}},"line":303},"20":{"name":"(anonymous_20)","decl":{"start":{"line":305,"column":52},"end":{"line":305,"column":53}},"loc":{"start":{"line":305,"column":66},"end":{"line":319,"column":29}},"line":305},"21":{"name":"(anonymous_21)","decl":{"start":{"line":321,"column":46},"end":{"line":321,"column":47}},"loc":{"start":{"line":321,"column":62},"end":{"line":344,"column":25}},"line":321},"22":{"name":"(anonymous_22)","decl":{"start":{"line":345,"column":36},"end":{"line":345,"column":37}},"loc":{"start":{"line":345,"column":55},"end":{"line":380,"column":25}},"line":345},"23":{"name":"(anonymous_23)","decl":{"start":{"line":381,"column":39},"end":{"line":381,"column":40}},"loc":{"start":{"line":381,"column":51},"end":{"line":394,"column":25}},"line":381},"24":{"name":"(anonymous_24)","decl":{"start":{"line":418,"column":14},"end":{"line":418,"column":15}},"loc":{"start":{"line":418,"column":20},"end":{"line":432,"column":5}},"line":418},"25":{"name":"(anonymous_25)","decl":{"start":{"line":424,"column":37},"end":{"line":424,"column":38}},"loc":{"start":{"line":424,"column":43},"end":{"line":426,"column":9}},"line":424},"26":{"name":"(anonymous_26)","decl":{"start":{"line":429,"column":15},"end":{"line":429,"column":16}},"loc":{"start":{"line":429,"column":21},"end":{"line":431,"column":9}},"line":429},"27":{"name":"(anonymous_27)","decl":{"start":{"line":435,"column":14},"end":{"line":435,"column":15}},"loc":{"start":{"line":435,"column":20},"end":{"line":449,"column":5}},"line":435},"28":{"name":"(anonymous_28)","decl":{"start":{"line":440,"column":42},"end":{"line":440,"column":43}},"loc":{"start":{"line":440,"column":48},"end":{"line":443,"column":13}},"line":440},"29":{"name":"(anonymous_29)","decl":{"start":{"line":445,"column":19},"end":{"line":445,"column":20}},"loc":{"start":{"line":445,"column":25},"end":{"line":447,"column":13}},"line":445},"30":{"name":"(anonymous_30)","decl":{"start":{"line":452,"column":25},"end":{"line":452,"column":26}},"loc":{"start":{"line":452,"column":37},"end":{"line":456,"column":5}},"line":452}},"branchMap":{"0":{"loc":{"start":{"line":50,"column":8},"end":{"line":50,"column":52}},"type":"if","locations":[{"start":{"line":50,"column":8},"end":{"line":50,"column":52}},{"start":{},"end":{}}],"line":50},"1":{"loc":{"start":{"line":50,"column":12},"end":{"line":50,"column":43}},"type":"binary-expr","locations":[{"start":{"line":50,"column":12},"end":{"line":50,"column":26}},{"start":{"line":50,"column":30},"end":{"line":50,"column":43}}],"line":50},"2":{"loc":{"start":{"line":61,"column":16},"end":{"line":63,"column":47}},"type":"cond-expr","locations":[{"start":{"line":61,"column":50},"end":{"line":61,"column":74}},{"start":{"line":62,"column":20},"end":{"line":63,"column":47}}],"line":61},"3":{"loc":{"start":{"line":62,"column":20},"end":{"line":63,"column":47}},"type":"cond-expr","locations":[{"start":{"line":62,"column":54},"end":{"line":62,"column":78}},{"start":{"line":63,"column":24},"end":{"line":63,"column":47}}],"line":62},"4":{"loc":{"start":{"line":98,"column":30},"end":{"line":98,"column":43}},"type":"binary-expr","locations":[{"start":{"line":98,"column":30},"end":{"line":98,"column":37}},{"start":{"line":98,"column":41},"end":{"line":98,"column":43}}],"line":98},"5":{"loc":{"start":{"line":99,"column":33},"end":{"line":99,"column":68}},"type":"binary-expr","locations":[{"start":{"line":99,"column":33},"end":{"line":99,"column":63}},{"start":{"line":99,"column":67},"end":{"line":99,"column":68}}],"line":99},"6":{"loc":{"start":{"line":100,"column":32},"end":{"line":100,"column":47}},"type":"binary-expr","locations":[{"start":{"line":100,"column":32},"end":{"line":100,"column":41}},{"start":{"line":100,"column":45},"end":{"line":100,"column":47}}],"line":100},"7":{"loc":{"start":{"line":101,"column":41},"end":{"line":101,"column":84}},"type":"binary-expr","locations":[{"start":{"line":101,"column":41},"end":{"line":101,"column":79}},{"start":{"line":101,"column":83},"end":{"line":101,"column":84}}],"line":101},"8":{"loc":{"start":{"line":102,"column":35},"end":{"line":102,"column":119}},"type":"cond-expr","locations":[{"start":{"line":102,"column":70},"end":{"line":102,"column":82}},{"start":{"line":102,"column":85},"end":{"line":102,"column":119}}],"line":102},"9":{"loc":{"start":{"line":102,"column":92},"end":{"line":102,"column":118}},"type":"binary-expr","locations":[{"start":{"line":102,"column":92},"end":{"line":102,"column":104}},{"start":{"line":102,"column":108},"end":{"line":102,"column":118}}],"line":102},"10":{"loc":{"start":{"line":103,"column":30},"end":{"line":103,"column":50}},"type":"binary-expr","locations":[{"start":{"line":103,"column":30},"end":{"line":103,"column":37}},{"start":{"line":103,"column":41},"end":{"line":103,"column":50}}],"line":103},"11":{"loc":{"start":{"line":104,"column":33},"end":{"line":104,"column":67}},"type":"cond-expr","locations":[{"start":{"line":104,"column":46},"end":{"line":104,"column":55}},{"start":{"line":104,"column":58},"end":{"line":104,"column":67}}],"line":104},"12":{"loc":{"start":{"line":105,"column":34},"end":{"line":105,"column":70}},"type":"binary-expr","locations":[{"start":{"line":105,"column":34},"end":{"line":105,"column":65}},{"start":{"line":105,"column":69},"end":{"line":105,"column":70}}],"line":105},"13":{"loc":{"start":{"line":106,"column":40},"end":{"line":106,"column":82}},"type":"binary-expr","locations":[{"start":{"line":106,"column":40},"end":{"line":106,"column":77}},{"start":{"line":106,"column":81},"end":{"line":106,"column":82}}],"line":106},"14":{"loc":{"start":{"line":107,"column":35},"end":{"line":107,"column":53}},"type":"binary-expr","locations":[{"start":{"line":107,"column":35},"end":{"line":107,"column":47}},{"start":{"line":107,"column":51},"end":{"line":107,"column":53}}],"line":107},"15":{"loc":{"start":{"line":109,"column":38},"end":{"line":109,"column":112}},"type":"binary-expr","locations":[{"start":{"line":109,"column":38},"end":{"line":109,"column":73}},{"start":{"line":109,"column":77},"end":{"line":109,"column":107}},{"start":{"line":109,"column":111},"end":{"line":109,"column":112}}],"line":109},"16":{"loc":{"start":{"line":110,"column":34},"end":{"line":110,"column":53}},"type":"binary-expr","locations":[{"start":{"line":110,"column":34},"end":{"line":110,"column":45}},{"start":{"line":110,"column":49},"end":{"line":110,"column":53}}],"line":110},"17":{"loc":{"start":{"line":118,"column":20},"end":{"line":121,"column":21}},"type":"if","locations":[{"start":{"line":118,"column":20},"end":{"line":121,"column":21}},{"start":{},"end":{}}],"line":118},"18":{"loc":{"start":{"line":130,"column":24},"end":{"line":130,"column":45}},"type":"if","locations":[{"start":{"line":130,"column":24},"end":{"line":130,"column":45}},{"start":{},"end":{}}],"line":130},"19":{"loc":{"start":{"line":136,"column":34},"end":{"line":136,"column":50}},"type":"binary-expr","locations":[{"start":{"line":136,"column":34},"end":{"line":136,"column":44}},{"start":{"line":136,"column":48},"end":{"line":136,"column":50}}],"line":136},"20":{"loc":{"start":{"line":137,"column":37},"end":{"line":137,"column":75}},"type":"binary-expr","locations":[{"start":{"line":137,"column":37},"end":{"line":137,"column":70}},{"start":{"line":137,"column":74},"end":{"line":137,"column":75}}],"line":137},"21":{"loc":{"start":{"line":138,"column":36},"end":{"line":138,"column":54}},"type":"binary-expr","locations":[{"start":{"line":138,"column":36},"end":{"line":138,"column":48}},{"start":{"line":138,"column":52},"end":{"line":138,"column":54}}],"line":138},"22":{"loc":{"start":{"line":139,"column":45},"end":{"line":139,"column":91}},"type":"binary-expr","locations":[{"start":{"line":139,"column":45},"end":{"line":139,"column":86}},{"start":{"line":139,"column":90},"end":{"line":139,"column":91}}],"line":139},"23":{"loc":{"start":{"line":140,"column":39},"end":{"line":140,"column":132}},"type":"cond-expr","locations":[{"start":{"line":140,"column":77},"end":{"line":140,"column":92}},{"start":{"line":140,"column":95},"end":{"line":140,"column":132}}],"line":140},"24":{"loc":{"start":{"line":140,"column":102},"end":{"line":140,"column":131}},"type":"binary-expr","locations":[{"start":{"line":140,"column":102},"end":{"line":140,"column":117}},{"start":{"line":140,"column":121},"end":{"line":140,"column":131}}],"line":140},"25":{"loc":{"start":{"line":141,"column":34},"end":{"line":141,"column":57}},"type":"binary-expr","locations":[{"start":{"line":141,"column":34},"end":{"line":141,"column":44}},{"start":{"line":141,"column":48},"end":{"line":141,"column":57}}],"line":141},"26":{"loc":{"start":{"line":142,"column":37},"end":{"line":142,"column":74}},"type":"cond-expr","locations":[{"start":{"line":142,"column":53},"end":{"line":142,"column":62}},{"start":{"line":142,"column":65},"end":{"line":142,"column":74}}],"line":142},"27":{"loc":{"start":{"line":143,"column":38},"end":{"line":143,"column":77}},"type":"binary-expr","locations":[{"start":{"line":143,"column":38},"end":{"line":143,"column":72}},{"start":{"line":143,"column":76},"end":{"line":143,"column":77}}],"line":143},"28":{"loc":{"start":{"line":144,"column":44},"end":{"line":144,"column":89}},"type":"binary-expr","locations":[{"start":{"line":144,"column":44},"end":{"line":144,"column":84}},{"start":{"line":144,"column":88},"end":{"line":144,"column":89}}],"line":144},"29":{"loc":{"start":{"line":145,"column":39},"end":{"line":145,"column":60}},"type":"binary-expr","locations":[{"start":{"line":145,"column":39},"end":{"line":145,"column":54}},{"start":{"line":145,"column":58},"end":{"line":145,"column":60}}],"line":145},"30":{"loc":{"start":{"line":147,"column":42},"end":{"line":147,"column":122}},"type":"binary-expr","locations":[{"start":{"line":147,"column":42},"end":{"line":147,"column":80}},{"start":{"line":147,"column":84},"end":{"line":147,"column":117}},{"start":{"line":147,"column":121},"end":{"line":147,"column":122}}],"line":147},"31":{"loc":{"start":{"line":148,"column":38},"end":{"line":148,"column":60}},"type":"binary-expr","locations":[{"start":{"line":148,"column":38},"end":{"line":148,"column":52}},{"start":{"line":148,"column":56},"end":{"line":148,"column":60}}],"line":148},"32":{"loc":{"start":{"line":149,"column":37},"end":{"line":149,"column":55}},"type":"binary-expr","locations":[{"start":{"line":149,"column":37},"end":{"line":149,"column":49}},{"start":{"line":149,"column":53},"end":{"line":149,"column":55}}],"line":149},"33":{"loc":{"start":{"line":150,"column":38},"end":{"line":150,"column":54}},"type":"binary-expr","locations":[{"start":{"line":150,"column":38},"end":{"line":150,"column":48}},{"start":{"line":150,"column":52},"end":{"line":150,"column":54}}],"line":150},"34":{"loc":{"start":{"line":151,"column":38},"end":{"line":151,"column":54}},"type":"binary-expr","locations":[{"start":{"line":151,"column":38},"end":{"line":151,"column":48}},{"start":{"line":151,"column":52},"end":{"line":151,"column":54}}],"line":151},"35":{"loc":{"start":{"line":153,"column":38},"end":{"line":153,"column":57}},"type":"binary-expr","locations":[{"start":{"line":153,"column":38},"end":{"line":153,"column":51}},{"start":{"line":153,"column":55},"end":{"line":153,"column":57}}],"line":153},"36":{"loc":{"start":{"line":154,"column":38},"end":{"line":154,"column":55}},"type":"binary-expr","locations":[{"start":{"line":154,"column":38},"end":{"line":154,"column":49}},{"start":{"line":154,"column":53},"end":{"line":154,"column":55}}],"line":154},"37":{"loc":{"start":{"line":155,"column":41},"end":{"line":155,"column":61}},"type":"binary-expr","locations":[{"start":{"line":155,"column":41},"end":{"line":155,"column":55}},{"start":{"line":155,"column":59},"end":{"line":155,"column":61}}],"line":155},"38":{"loc":{"start":{"line":156,"column":38},"end":{"line":156,"column":55}},"type":"binary-expr","locations":[{"start":{"line":156,"column":38},"end":{"line":156,"column":49}},{"start":{"line":156,"column":53},"end":{"line":156,"column":55}}],"line":156},"39":{"loc":{"start":{"line":157,"column":38},"end":{"line":157,"column":55}},"type":"binary-expr","locations":[{"start":{"line":157,"column":38},"end":{"line":157,"column":49}},{"start":{"line":157,"column":53},"end":{"line":157,"column":55}}],"line":157},"40":{"loc":{"start":{"line":159,"column":37},"end":{"line":159,"column":56}},"type":"binary-expr","locations":[{"start":{"line":159,"column":37},"end":{"line":159,"column":50}},{"start":{"line":159,"column":54},"end":{"line":159,"column":56}}],"line":159},"41":{"loc":{"start":{"line":168,"column":20},"end":{"line":171,"column":21}},"type":"if","locations":[{"start":{"line":168,"column":20},"end":{"line":171,"column":21}},{"start":{},"end":{}}],"line":168},"42":{"loc":{"start":{"line":168,"column":24},"end":{"line":168,"column":63}},"type":"binary-expr","locations":[{"start":{"line":168,"column":24},"end":{"line":168,"column":32}},{"start":{"line":168,"column":36},"end":{"line":168,"column":63}}],"line":168},"43":{"loc":{"start":{"line":183,"column":44},"end":{"line":183,"column":125}},"type":"cond-expr","locations":[{"start":{"line":183,"column":81},"end":{"line":183,"column":98}},{"start":{"line":183,"column":101},"end":{"line":183,"column":125}}],"line":183},"44":{"loc":{"start":{"line":195,"column":28},"end":{"line":198,"column":72}},"type":"binary-expr","locations":[{"start":{"line":195,"column":28},"end":{"line":195,"column":29}},{"start":{"line":195,"column":33},"end":{"line":195,"column":39}},{"start":{"line":196,"column":28},"end":{"line":196,"column":54}},{"start":{"line":197,"column":29},"end":{"line":197,"column":96}},{"start":{"line":198,"column":32},"end":{"line":198,"column":71}}],"line":195},"45":{"loc":{"start":{"line":202,"column":24},"end":{"line":209,"column":25}},"type":"if","locations":[{"start":{"line":202,"column":24},"end":{"line":209,"column":25}},{"start":{},"end":{}}],"line":202},"46":{"loc":{"start":{"line":204,"column":28},"end":{"line":208,"column":29}},"type":"if","locations":[{"start":{"line":204,"column":28},"end":{"line":208,"column":29}},{"start":{},"end":{}}],"line":204},"47":{"loc":{"start":{"line":204,"column":32},"end":{"line":205,"column":75}},"type":"binary-expr","locations":[{"start":{"line":204,"column":32},"end":{"line":204,"column":44}},{"start":{"line":204,"column":48},"end":{"line":204,"column":65}},{"start":{"line":205,"column":32},"end":{"line":205,"column":75}}],"line":204},"48":{"loc":{"start":{"line":207,"column":32},"end":{"line":207,"column":64}},"type":"if","locations":[{"start":{"line":207,"column":32},"end":{"line":207,"column":64}},{"start":{},"end":{}}],"line":207},"49":{"loc":{"start":{"line":216,"column":28},"end":{"line":221,"column":29}},"type":"if","locations":[{"start":{"line":216,"column":28},"end":{"line":221,"column":29}},{"start":{},"end":{}}],"line":216},"50":{"loc":{"start":{"line":216,"column":32},"end":{"line":216,"column":84}},"type":"binary-expr","locations":[{"start":{"line":216,"column":32},"end":{"line":216,"column":41}},{"start":{"line":216,"column":45},"end":{"line":216,"column":84}}],"line":216},"51":{"loc":{"start":{"line":218,"column":45},"end":{"line":218,"column":126}},"type":"cond-expr","locations":[{"start":{"line":218,"column":82},"end":{"line":218,"column":99}},{"start":{"line":218,"column":102},"end":{"line":218,"column":126}}],"line":218},"52":{"loc":{"start":{"line":220,"column":49},"end":{"line":220,"column":102}},"type":"binary-expr","locations":[{"start":{"line":220,"column":49},"end":{"line":220,"column":97}},{"start":{"line":220,"column":101},"end":{"line":220,"column":102}}],"line":220},"53":{"loc":{"start":{"line":233,"column":38},"end":{"line":233,"column":58}},"type":"binary-expr","locations":[{"start":{"line":233,"column":38},"end":{"line":233,"column":52}},{"start":{"line":233,"column":56},"end":{"line":233,"column":58}}],"line":233},"54":{"loc":{"start":{"line":234,"column":38},"end":{"line":234,"column":58}},"type":"binary-expr","locations":[{"start":{"line":234,"column":38},"end":{"line":234,"column":52}},{"start":{"line":234,"column":56},"end":{"line":234,"column":58}}],"line":234},"55":{"loc":{"start":{"line":252,"column":24},"end":{"line":254,"column":25}},"type":"if","locations":[{"start":{"line":252,"column":24},"end":{"line":254,"column":25}},{"start":{},"end":{}}],"line":252},"56":{"loc":{"start":{"line":257,"column":38},"end":{"line":257,"column":75}},"type":"binary-expr","locations":[{"start":{"line":257,"column":38},"end":{"line":257,"column":69}},{"start":{"line":257,"column":73},"end":{"line":257,"column":75}}],"line":257},"57":{"loc":{"start":{"line":258,"column":35},"end":{"line":258,"column":58}},"type":"binary-expr","locations":[{"start":{"line":258,"column":35},"end":{"line":258,"column":51}},{"start":{"line":258,"column":55},"end":{"line":258,"column":58}}],"line":258},"58":{"loc":{"start":{"line":259,"column":44},"end":{"line":259,"column":76}},"type":"binary-expr","locations":[{"start":{"line":259,"column":44},"end":{"line":259,"column":69}},{"start":{"line":259,"column":73},"end":{"line":259,"column":76}}],"line":259},"59":{"loc":{"start":{"line":260,"column":51},"end":{"line":260,"column":90}},"type":"binary-expr","locations":[{"start":{"line":260,"column":51},"end":{"line":260,"column":83}},{"start":{"line":260,"column":87},"end":{"line":260,"column":90}}],"line":260},"60":{"loc":{"start":{"line":261,"column":46},"end":{"line":261,"column":98}},"type":"binary-expr","locations":[{"start":{"line":261,"column":46},"end":{"line":261,"column":73}},{"start":{"line":261,"column":77},"end":{"line":261,"column":98}}],"line":261},"61":{"loc":{"start":{"line":262,"column":39},"end":{"line":262,"column":72}},"type":"binary-expr","locations":[{"start":{"line":262,"column":39},"end":{"line":262,"column":59}},{"start":{"line":262,"column":63},"end":{"line":262,"column":72}}],"line":262},"62":{"loc":{"start":{"line":263,"column":49},"end":{"line":263,"column":86}},"type":"binary-expr","locations":[{"start":{"line":263,"column":49},"end":{"line":263,"column":79}},{"start":{"line":263,"column":83},"end":{"line":263,"column":86}}],"line":263},"63":{"loc":{"start":{"line":264,"column":42},"end":{"line":264,"column":72}},"type":"binary-expr","locations":[{"start":{"line":264,"column":42},"end":{"line":264,"column":65}},{"start":{"line":264,"column":69},"end":{"line":264,"column":72}}],"line":264},"64":{"loc":{"start":{"line":265,"column":38},"end":{"line":265,"column":63}},"type":"binary-expr","locations":[{"start":{"line":265,"column":38},"end":{"line":265,"column":57}},{"start":{"line":265,"column":61},"end":{"line":265,"column":63}}],"line":265},"65":{"loc":{"start":{"line":292,"column":12},"end":{"line":411,"column":13}},"type":"if","locations":[{"start":{"line":292,"column":12},"end":{"line":411,"column":13}},{"start":{"line":408,"column":19},"end":{"line":411,"column":13}}],"line":292},"66":{"loc":{"start":{"line":303,"column":48},"end":{"line":303,"column":58}},"type":"default-arg","locations":[{"start":{"line":303,"column":56},"end":{"line":303,"column":58}}],"line":303},"67":{"loc":{"start":{"line":306,"column":38},"end":{"line":306,"column":51}},"type":"binary-expr","locations":[{"start":{"line":306,"column":38},"end":{"line":306,"column":45}},{"start":{"line":306,"column":49},"end":{"line":306,"column":51}}],"line":306},"68":{"loc":{"start":{"line":307,"column":41},"end":{"line":307,"column":114}},"type":"cond-expr","locations":[{"start":{"line":307,"column":74},"end":{"line":307,"column":94}},{"start":{"line":307,"column":98},"end":{"line":307,"column":113}}],"line":307},"69":{"loc":{"start":{"line":307,"column":98},"end":{"line":307,"column":113}},"type":"binary-expr","locations":[{"start":{"line":307,"column":98},"end":{"line":307,"column":108}},{"start":{"line":307,"column":112},"end":{"line":307,"column":113}}],"line":307},"70":{"loc":{"start":{"line":317,"column":46},"end":{"line":317,"column":119}},"type":"cond-expr","locations":[{"start":{"line":317,"column":79},"end":{"line":317,"column":99}},{"start":{"line":317,"column":103},"end":{"line":317,"column":118}}],"line":317},"71":{"loc":{"start":{"line":317,"column":103},"end":{"line":317,"column":118}},"type":"binary-expr","locations":[{"start":{"line":317,"column":103},"end":{"line":317,"column":113}},{"start":{"line":317,"column":117},"end":{"line":317,"column":118}}],"line":317},"72":{"loc":{"start":{"line":322,"column":28},"end":{"line":322,"column":51}},"type":"if","locations":[{"start":{"line":322,"column":28},"end":{"line":322,"column":51}},{"start":{},"end":{}}],"line":322},"73":{"loc":{"start":{"line":324,"column":28},"end":{"line":324,"column":49}},"type":"if","locations":[{"start":{"line":324,"column":28},"end":{"line":324,"column":49}},{"start":{},"end":{}}],"line":324},"74":{"loc":{"start":{"line":327,"column":38},"end":{"line":327,"column":51}},"type":"binary-expr","locations":[{"start":{"line":327,"column":38},"end":{"line":327,"column":45}},{"start":{"line":327,"column":49},"end":{"line":327,"column":51}}],"line":327},"75":{"loc":{"start":{"line":328,"column":41},"end":{"line":328,"column":114}},"type":"cond-expr","locations":[{"start":{"line":328,"column":74},"end":{"line":328,"column":94}},{"start":{"line":328,"column":98},"end":{"line":328,"column":113}}],"line":328},"76":{"loc":{"start":{"line":328,"column":98},"end":{"line":328,"column":113}},"type":"binary-expr","locations":[{"start":{"line":328,"column":98},"end":{"line":328,"column":108}},{"start":{"line":328,"column":112},"end":{"line":328,"column":113}}],"line":328},"77":{"loc":{"start":{"line":338,"column":46},"end":{"line":338,"column":119}},"type":"cond-expr","locations":[{"start":{"line":338,"column":79},"end":{"line":338,"column":99}},{"start":{"line":338,"column":103},"end":{"line":338,"column":118}}],"line":338},"78":{"loc":{"start":{"line":338,"column":103},"end":{"line":338,"column":118}},"type":"binary-expr","locations":[{"start":{"line":338,"column":103},"end":{"line":338,"column":113}},{"start":{"line":338,"column":117},"end":{"line":338,"column":118}}],"line":338},"79":{"loc":{"start":{"line":346,"column":28},"end":{"line":346,"column":54}},"type":"if","locations":[{"start":{"line":346,"column":28},"end":{"line":346,"column":54}},{"start":{},"end":{}}],"line":346},"80":{"loc":{"start":{"line":360,"column":32},"end":{"line":362,"column":33}},"type":"if","locations":[{"start":{"line":360,"column":32},"end":{"line":362,"column":33}},{"start":{},"end":{}}],"line":360},"81":{"loc":{"start":{"line":360,"column":36},"end":{"line":360,"column":108}},"type":"binary-expr","locations":[{"start":{"line":360,"column":36},"end":{"line":360,"column":49}},{"start":{"line":360,"column":53},"end":{"line":360,"column":108}}],"line":360},"82":{"loc":{"start":{"line":365,"column":32},"end":{"line":368,"column":33}},"type":"if","locations":[{"start":{"line":365,"column":32},"end":{"line":368,"column":33}},{"start":{},"end":{}}],"line":365},"83":{"loc":{"start":{"line":365,"column":36},"end":{"line":365,"column":99}},"type":"binary-expr","locations":[{"start":{"line":365,"column":36},"end":{"line":365,"column":49}},{"start":{"line":365,"column":53},"end":{"line":365,"column":99}}],"line":365},"84":{"loc":{"start":{"line":367,"column":53},"end":{"line":367,"column":106}},"type":"binary-expr","locations":[{"start":{"line":367,"column":53},"end":{"line":367,"column":101}},{"start":{"line":367,"column":105},"end":{"line":367,"column":106}}],"line":367},"85":{"loc":{"start":{"line":374,"column":47},"end":{"line":374,"column":62}},"type":"binary-expr","locations":[{"start":{"line":374,"column":47},"end":{"line":374,"column":56}},{"start":{"line":374,"column":60},"end":{"line":374,"column":62}}],"line":374},"86":{"loc":{"start":{"line":403,"column":29},"end":{"line":403,"column":100}},"type":"cond-expr","locations":[{"start":{"line":403,"column":52},"end":{"line":403,"column":55}},{"start":{"line":403,"column":58},"end":{"line":403,"column":100}}],"line":403},"87":{"loc":{"start":{"line":406,"column":29},"end":{"line":406,"column":104}},"type":"cond-expr","locations":[{"start":{"line":406,"column":56},"end":{"line":406,"column":63}},{"start":{"line":406,"column":66},"end":{"line":406,"column":104}}],"line":406},"88":{"loc":{"start":{"line":410,"column":25},"end":{"line":410,"column":91}},"type":"cond-expr","locations":[{"start":{"line":410,"column":48},"end":{"line":410,"column":51}},{"start":{"line":410,"column":54},"end":{"line":410,"column":91}}],"line":410},"89":{"loc":{"start":{"line":438,"column":8},"end":{"line":448,"column":9}},"type":"if","locations":[{"start":{"line":438,"column":8},"end":{"line":448,"column":9}},{"start":{},"end":{}}],"line":438},"90":{"loc":{"start":{"line":438,"column":12},"end":{"line":438,"column":82}},"type":"binary-expr","locations":[{"start":{"line":438,"column":12},"end":{"line":438,"column":27}},{"start":{"line":438,"column":31},"end":{"line":438,"column":45}},{"start":{"line":438,"column":49},"end":{"line":438,"column":54}},{"start":{"line":438,"column":58},"end":{"line":438,"column":82}}],"line":438}},"s":{"0":0,"1":0,"2":0,"3":0,"4":0,"5":0,"6":0,"7":0,"8":0,"9":0,"10":0,"11":0,"12":0,"13":0,"14":0,"15":0,"16":0,"17":0,"18":0,"19":0,"20":0,"21":0,"22":0,"23":0,"24":0,"25":0,"26":0,"27":0,"28":0,"29":0,"30":0,"31":0,"32":0,"33":0,"34":0,"35":0,"36":0,"37":0,"38":0,"39":0,"40":0,"41":0,"42":0,"43":0,"44":0,"45":0,"46":0,"47":0,"48":0,"49":0,"50":0,"51":0,"52":0,"53":0,"54":0,"55":0,"56":0,"57":0,"58":0,"59":0,"60":0,"61":0,"62":0,"63":0,"64":0,"65":0,"66":0,"67":0,"68":0,"69":0,"70":0,"71":0,"72":0,"73":0,"74":0,"75":0,"76":0,"77":0,"78":0,"79":0,"80":0,"81":0,"82":0,"83":0,"84":0,"85":0,"86":0,"87":0,"88":0,"89":0,"90":0,"91":0,"92":0,"93":0,"94":0,"95":0,"96":0,"97":0,"98":0,"99":0,"100":0,"101":0,"102":0,"103":0,"104":0,"105":0,"106":0,"107":0,"108":0,"109":0,"110":0,"111":0,"112":0,"113":0,"114":0,"115":0,"116":0,"117":0,"118":0,"119":0,"120":0,"121":0,"122":0,"123":0,"124":0,"125":0,"126":0,"127":0,"128":0,"129":0,"130":0,"131":0,"132":0,"133":0,"134":0,"135":0,"136":0,"137":0,"138":0,"139":0,"140":0,"141":0,"142":0,"143":0,"144":0,"145":0,"146":0,"147":0,"148":0,"149":0,"150":0,"151":0,"152":0,"153":0},"f":{"0":0,"1":0,"2":0,"3":0,"4":0,"5":0,"6":0,"7":0,"8":0,"9":0,"10":0,"11":0,"12":0,"13":0,"14":0,"15":0,"16":0,"17":0,"18":0,"19":0,"20":0,"21":0,"22":0,"23":0,"24":0,"25":0,"26":0,"27":0,"28":0,"29":0,"30":0},"b":{"0":[0,0],"1":[0,0],"2":[0,0],"3":[0,0],"4":[0,0],"5":[0,0],"6":[0,0],"7":[0,0],"8":[0,0],"9":[0,0],"10":[0,0],"11":[0,0],"12":[0,0],"13":[0,0],"14":[0,0],"15":[0,0,0],"16":[0,0],"17":[0,0],"18":[0,0],"19":[0,0],"20":[0,0],"21":[0,0],"22":[0,0],"23":[0,0],"24":[0,0],"25":[0,0],"26":[0,0],"27":[0,0],"28":[0,0],"29":[0,0],"30":[0,0,0],"31":[0,0],"32":[0,0],"33":[0,0],"34":[0,0],"35":[0,0],"36":[0,0],"37":[0,0],"38":[0,0],"39":[0,0],"40":[0,0],"41":[0,0],"42":[0,0],"43":[0,0],"44":[0,0,0,0,0],"45":[0,0],"46":[0,0],"47":[0,0,0],"48":[0,0],"49":[0,0],"50":[0,0],"51":[0,0],"52":[0,0],"53":[0,0],"54":[0,0],"55":[0,0],"56":[0,0],"57":[0,0],"58":[0,0],"59":[0,0],"60":[0,0],"61":[0,0],"62":[0,0],"63":[0,0],"64":[0,0],"65":[0,0],"66":[0],"67":[0,0],"68":[0,0],"69":[0,0],"70":[0,0],"71":[0,0],"72":[0,0],"73":[0,0],"74":[0,0],"75":[0,0],"76":[0,0],"77":[0,0],"78":[0,0],"79":[
[...]
ne":136,"column":6},"end":{"line":136,"column":21}},"41":{"start":{"line":140,"column":4},"end":{"line":140,"column":16}}},"fnMap":{"0":{"name":"(anonymous_0)","decl":{"start":{"line":31,"column":21},"end":{"line":31,"column":22}},"loc":{"start":{"line":31,"column":27},"end":{"line":42,"column":1}},"line":31},"1":{"name":"(anonymous_1)","decl":{"start":{"line":46,"column":12},"end":{"line":46,"column":13}},"loc":{"start":{"line":50,"column":9},"end":{"line":64,"column":3}},"line":50},"2":{"name":"(anonymous_2)","decl":{"start":{"line":65,"column":19},"end":{"line":65,"column":20}},"loc":{"start":{"line":65,"column":52},"end":{"line":70,"column":3}},"line":65},"3":{"name":"(anonymous_3)","decl":{"start":{"line":71,"column":18},"end":{"line":71,"column":19}},"loc":{"start":{"line":71,"column":48},"end":{"line":92,"column":3}},"line":71},"4":{"name":"(anonymous_4)","decl":{"start":{"line":76,"column":44},"end":{"line":76,"column":45}},"loc":{"start":{"line":76,"column":50},"end":{"line":76,"column":78}},"line":76},"5":{"name":"(anonymous_5)","decl":{"start":{"line":93,"column":14},"end":{"line":93,"column":15}},"loc":{"start":{"line":93,"column":38},"end":{"line":100,"column":3}},"line":93},"6":{"name":"(anonymous_6)","decl":{"start":{"line":101,"column":12},"end":{"line":101,"column":13}},"loc":{"start":{"line":101,"column":38},"end":{"line":106,"column":3}},"line":101},"7":{"name":"(anonymous_7)","decl":{"start":{"line":107,"column":15},"end":{"line":107,"column":16}},"loc":{"start":{"line":107,"column":21},"end":{"line":141,"column":3}},"line":107},"8":{"name":"(anonymous_8)","decl":{"start":{"line":134,"column":15},"end":{"line":134,"column":16}},"loc":{"start":{"line":134,"column":21},"end":{"line":137,"column":5}},"line":134}},"branchMap":{"0":{"loc":{"start":{"line":36,"column":2},"end":{"line":41,"column":3}},"type":"if","locations":[{"start":{"line":36,"column":2},"end":{"line":41,"column":3}},{"start":{},"end":{}}],"line":36},"1":{"loc":{"start":{"line":52,"column":4},"end":{"line":54,"column":5}},"type":"if","locations":[{"start":{"line":52,"column":4},"end":{"line":54,"column":5}},{"start":{},"end":{}}],"line":52},"2":{"loc":{"start":{"line":55,"column":4},"end":{"line":57,"column":5}},"type":"if","locations":[{"start":{"line":55,"column":4},"end":{"line":57,"column":5}},{"start":{},"end":{}}],"line":55},"3":{"loc":{"start":{"line":58,"column":4},"end":{"line":60,"column":5}},"type":"if","locations":[{"start":{"line":58,"column":4},"end":{"line":60,"column":5}},{"start":{},"end":{}}],"line":58},"4":{"loc":{"start":{"line":77,"column":4},"end":{"line":79,"column":5}},"type":"if","locations":[{"start":{"line":77,"column":4},"end":{"line":79,"column":5}},{"start":{},"end":{}}],"line":77},"5":{"loc":{"start":{"line":84,"column":4},"end":{"line":88,"column":5}},"type":"if","locations":[{"start":{"line":84,"column":4},"end":{"line":88,"column":5}},{"start":{},"end":{}}],"line":84},"6":{"loc":{"start":{"line":97,"column":4},"end":{"line":99,"column":5}},"type":"if","locations":[{"start":{"line":97,"column":4},"end":{"line":99,"column":5}},{"start":{},"end":{}}],"line":97},"7":{"loc":{"start":{"line":126,"column":4},"end":{"line":128,"column":5}},"type":"if","locations":[{"start":{"line":126,"column":4},"end":{"line":128,"column":5}},{"start":{},"end":{}}],"line":126}},"s":{"0":0,"1":0,"2":0,"3":0,"4":0,"5":0,"6":0,"7":0,"8":0,"9":0,"10":0,"11":0,"12":0,"13":0,"14":0,"15":0,"16":0,"17":0,"18":0,"19":0,"20":0,"21":0,"22":0,"23":0,"24":0,"25":0,"26":0,"27":0,"28":0,"29":0,"30":0,"31":0,"32":0,"33":0,"34":0,"35":0,"36":0,"37":0,"38":0,"39":0,"40":0,"41":0},"f":{"0":0,"1":0,"2":0,"3":0,"4":0,"5":0,"6":0,"7":0,"8":0},"b":{"0":[0,0],"1":[0,0],"2":[0,0],"3":[0,0],"4":[0,0],"5":[0,0],"6":[0,0],"7":[0,0]}}
,"/root/ol-explorer/src/types/blockchain.ts": {"path":"/root/ol-explorer/src/types/blockchain.ts","statementMap":{},"fnMap":{},"branchMap":{},"s":{},"f":{},"b":{}}
,"/root/ol-explorer/src/types/expo-router-entry.d.ts": {"path":"/root/ol-explorer/src/types/expo-router-entry.d.ts","statementMap":{},"fnMap":{},"branchMap":{},"s":{},"f":{},"b":{}}
,"/root/ol-explorer/src/utils/addressUtils.ts": {"path":"/root/ol-explorer/src/utils/addressUtils.ts","statementMap":{"0":{"start":{"line":12,"column":25},"end":{"line":12,"column":78}},"1":{"start":{"line":15,"column":26},"end":{"line":15,"column":56}},"2":{"start":{"line":18,"column":4},"end":{"line":18,"column":32}},"3":{"start":{"line":29,"column":4},"end":{"line":29,"column":52}},"4":{"start":{"line":41,"column":4},"end":{"line":41,"column":28}},"5":{"start":{"line":41,"column":18},"end":{"line":41,"column":28}},"6":{"start":{"line":44,"column":19},"end":{"line":44,"column":55}},"7":{"start":{"line":45,"column":18},"end":{"line":47,"column":36}},"8":{"start":{"line":49,"column":16},"end":{"line":51,"column":48}},"9":{"start":{"line":53,"column":4},"end":{"line":53,"column":40}},"10":{"start":{"line":67,"column":4},"end":{"line":70,"column":5}},"11":{"start":{"line":68,"column":8},"end":{"line":68,"column":85}},"12":{"start":{"line":69,"column":8},"end":{"line":69,"column":20}},"13":{"start":{"line":73,"column":4},"end":{"line":76,"column":5}},"14":{"start":{"line":74,"column":8},"end":{"line":74,"column":90}},"15":{"start":{"line":75,"column":8},"end":{"line":75,"column":20}},"16":{"start":{"line":79,"column":22},"end":{"line":79,"column":66}},"17":{"start":{"line":82,"column":4},"end":{"line":85,"column":5}},"18":{"start":{"line":83,"column":8},"end":{"line":83,"column":73}},"19":{"start":{"line":84,"column":8},"end":{"line":84,"column":20}},"20":{"start":{"line":88,"column":4},"end":{"line":88,"column":28}}},"fnMap":{"0":{"name":"normalizeAddress","decl":{"start":{"line":10,"column":16},"end":{"line":10,"column":32}},"loc":{"start":{"line":10,"column":58},"end":{"line":19,"column":1}},"line":10},"1":{"name":"isValidAddressFormat","decl":{"start":{"line":27,"column":16},"end":{"line":27,"column":36}},"loc":{"start":{"line":27,"column":61},"end":{"line":30,"column":1}},"line":27},"2":{"name":"formatAddressForDisplay","decl":{"start":{"line":40,"column":16},"end":{"line":40,"column":39}},"loc":{"start":{"line":40,"column":95},"end":{"line":54,"column":1}},"line":40},"3":{"name":"normalizeTransactionHash","decl":{"start":{"line":65,"column":16},"end":{"line":65,"column":40}},"loc":{"start":{"line":65,"column":89},"end":{"line":89,"column":1}},"line":65}},"branchMap":{"0":{"loc":{"start":{"line":12,"column":25},"end":{"line":12,"column":78}},"type":"cond-expr","locations":[{"start":{"line":12,"column":52},"end":{"line":12,"column":68}},{"start":{"line":12,"column":71},"end":{"line":12,"column":78}}],"line":12},"1":{"loc":{"start":{"line":40,"column":57},"end":{"line":40,"column":71}},"type":"default-arg","locations":[{"start":{"line":40,"column":70},"end":{"line":40,"column":71}}],"line":40},"2":{"loc":{"start":{"line":40,"column":73},"end":{"line":40,"column":85}},"type":"default-arg","locations":[{"start":{"line":40,"column":84},"end":{"line":40,"column":85}}],"line":40},"3":{"loc":{"start":{"line":41,"column":4},"end":{"line":41,"column":28}},"type":"if","locations":[{"start":{"line":41,"column":4},"end":{"line":41,"column":28}},{"start":{},"end":{}}],"line":41},"4":{"loc":{"start":{"line":44,"column":19},"end":{"line":44,"column":55}},"type":"cond-expr","locations":[{"start":{"line":44,"column":46},"end":{"line":44,"column":50}},{"start":{"line":44,"column":53},"end":{"line":44,"column":55}}],"line":44},"5":{"loc":{"start":{"line":45,"column":18},"end":{"line":47,"column":36}},"type":"cond-expr","locations":[{"start":{"line":46,"column":8},"end":{"line":46,"column":40}},{"start":{"line":47,"column":8},"end":{"line":47,"column":36}}],"line":45},"6":{"loc":{"start":{"line":49,"column":16},"end":{"line":51,"column":48}},"type":"cond-expr","locations":[{"start":{"line":50,"column":8},"end":{"line":50,"column":48}},{"start":{"line":51,"column":8},"end":{"line":51,"column":48}}],"line":49},"7":{"loc":{"start":{"line":67,"column":4},"end":{"line":70,"column":5}},"type":"if","locations":[{"start":{"line":67,"column":4},"end":{"line":70,"column":5}},{"start":{},"end":{}}],"line":67},"8":{"loc":{"start":{"line":73,"column":4},"end":{"line":76,"column":5}},"type":"if","locations":[{"start":{"line":73,"column":4},"end":{"line":76,"column":5}},{"start":{},"end":{}}],"line":73},"9":{"loc":{"start":{"line":73,"column":8},"end":{"line":73,"column":50}},"type":"binary-expr","locations":[{"start":{"line":73,"column":8},"end":{"line":73,"column":26}},{"start":{"line":73,"column":30},"end":{"line":73,"column":50}}],"line":73},"10":{"loc":{"start":{"line":79,"column":22},"end":{"line":79,"column":66}},"type":"cond-expr","locations":[{"start":{"line":79,"column":46},"end":{"line":79,"column":59}},{"start":{"line":79,"column":62},"end":{"line":79,"column":66}}],"line":79},"11":{"loc":{"start":{"line":82,"column":4},"end":{"line":85,"column":5}},"type":"if","locations":[{"start":{"line":82,"column":4},"end":{"line":85,"column":5}},{"start":{},"end":{}}],"line":82}},"s":{"0":0,"1":0,"2":0,"3":0,"4":0,"5":0,"6":0,"7":0,"8":0,"9":0,"10":0,"11":0,"12":0,"13":0,"14":0,"15":0,"16":0,"17":0,"18":0,"19":0,"20":0},"f":{"0":0,"1":0,"2":0,"3":0},"b":{"0":[0,0],"1":[0],"2":[0],"3":[0,0],"4":[0,0],"5":[0,0],"6":[0,0],"7":[0,0],"8":[0,0],"9":[0,0],"10":[0,0],"11":[0,0]}}
,"/root/ol-explorer/src/utils/bufferPolyfill.ts": {"path":"/root/ol-explorer/src/utils/bufferPolyfill.ts","statementMap":{"0":{"start":{"line":5,"column":0},"end":{"line":8,"column":1}},"1":{"start":{"line":6,"column":4},"end":{"line":6,"column":36}},"2":{"start":{"line":7,"column":4},"end":{"line":7,"column":51}},"3":{"start":{"line":11,"column":0},"end":{"line":14,"column":1}},"4":{"start":{"line":12,"column":4},"end":{"line":12,"column":36}},"5":{"start":{"line":13,"column":4},"end":{"line":13,"column":57}}},"fnMap":{},"branchMap":{"0":{"loc":{"start":{"line":5,"column":0},"end":{"line":8,"column":1}},"type":"if","locations":[{"start":{"line":5,"column":0},"end":{"line":8,"column":1}},{"start":{},"end":{}}],"line":5},"1":{"loc":{"start":{"line":11,"column":0},"end":{"line":14,"column":1}},"type":"if","locations":[{"start":{"line":11,"column":0},"end":{"line":14,"column":1}},{"start":{},"end":{}}],"line":11},"2":{"loc":{"start":{"line":11,"column":4},"end":{"line":11,"column":82}},"type":"binary-expr","locations":[{"start":{"line":11,"column":4},"end":{"line":11,"column":33}},{"start":{"line":11,"column":37},"end":{"line":11,"column":82}}],"line":11}},"s":{"0":0,"1":0,"2":0,"3":0,"4":0,"5":0},"f":{},"b":{"0":[0,0],"1":[0,0],"2":[0,0]}}
,"/root/ol-explorer/src/utils/formatters.ts": {"path":"/root/ol-explorer/src/utils/formatters.ts","statementMap":{"0":{"start":{"line":9,"column":31},"end":{"line":56,"column":1}},"1":{"start":{"line":10,"column":4},"end":{"line":13,"column":5}},"2":{"start":{"line":11,"column":8},"end":{"line":11,"column":55}},"3":{"start":{"line":12,"column":8},"end":{"line":12,"column":30}},"4":{"start":{"line":15,"column":4},"end":{"line":55,"column":5}},"5":{"start":{"line":19,"column":8},"end":{"line":27,"column":9}},"6":{"start":{"line":20,"column":12},"end":{"line":20,"column":55}},"7":{"start":{"line":21,"column":12},"end":{"line":24,"column":13}},"8":{"start":{"line":22,"column":16},"end":{"line":22,"column":71}},"9":{"start":{"line":23,"column":16},"end":{"line":23,"column":38}},"10":{"start":{"line":26,"column":12},"end":{"line":26,"column":41}},"11":{"start":{"line":30,"column":8},"end":{"line":32,"column":9}},"12":{"start":{"line":31,"column":12},"end":{"line":31,"column":67}},"13":{"start":{"line":35,"column":21},"end":{"line":35,"column":47}},"14":{"start":{"line":38,"column":8},"end":{"line":41,"column":9}},"15":{"start":{"line":39,"column":12},"end":{"line":39,"column":93}},"16":{"start":{"line":40,"column":12},"end":{"line":40,"column":34}},"17":{"start":{"line":43,"column":8},"end":{"line":51,"column":11}},"18":{"start":{"line":53,"column":8},"end":{"line":53,"column":60}},"19":{"start":{"line":54,"column":8},"end":{"line":54,"column":30}}},"fnMap":{"0":{"name":"(anonymous_0)","decl":{"start":{"line":9,"column":31},"end":{"line":9,"column":32}},"loc":{"start":{"line":9,"column":71},"end":{"line":56,"column":1}},"line":9}},"branchMap":{"0":{"loc":{"start":{"line":10,"column":4},"end":{"line":13,"column":5}},"type":"if","locations":[{"start":{"line":10,"column":4},"end":{"line":13,"column":5}},{"start":{},"end":{}}],"line":10},"1":{"loc":{"start":{"line":10,"column":8},"end":{"line":10,"column":53}},"type":"binary-expr","locations":[{"start":{"line":10,"column":8},"end":{"line":10,"column":31}},{"start":{"line":10,"column":35},"end":{"line":10,"column":53}}],"line":10},"2":{"loc":{"start":{"line":19,"column":8},"end":{"line":27,"column":9}},"type":"if","locations":[{"start":{"line":19,"column":8},"end":{"line":27,"column":9}},{"start":{"line":25,"column":15},"end":{"line":27,"column":9}}],"line":19},"3":{"loc":{"start":{"line":21,"column":12},"end":{"line":24,"column":13}},"type":"if","locations":[{"start":{"line":21,"column":12},"end":{"line":24,"column":13}},{"start":{},"end":{}}],"line":21},"4":{"loc":{"start":{"line":30,"column":8},"end":{"line":32,"column":9}},"type":"if","locations":[{"start":{"line":30,"column":8},"end":{"line":32,"column":9}},{"start":{},"end":{}}],"line":30},"5":{"loc":{"start":{"line":38,"column":8},"end":{"line":41,"column":9}},"type":"if","locations":[{"start":{"line":38,"column":8},"end":{"line":41,"column":9}},{"start":{},"end":{}}],"line":38}},"s":{"0":0,"1":0,"2":0,"3":0,"4":0,"5":0,"6":0,"7":0,"8":0,"9":0,"10":0,"11":0,"12":0,"13":0,"14":0,"15":0,"16":0,"17":0,"18":0,"19":0},"f":{"0":0},"b":{"0":[0,0],"1":[0,0],"2":[0,0],"3":[0,0],"4":[0,0],"5":[0,0]}}
,"/root/ol-explorer/src/utils/polyfills.ts": {"path":"/root/ol-explorer/src/utils/polyfills.ts","statementMap":{"0":{"start":{"line":23,"column":4},"end":{"line":26,"column":5}},"1":{"start":{"line":25,"column":8},"end":{"line":25,"column":42}},"2":{"start":{"line":29,"column":27},"end":{"line":43,"column":5}},"3":{"start":{"line":30,"column":8},"end":{"line":35,"column":9}},"4":{"start":{"line":32,"column":27},"end":{"line":32,"column":45}},"5":{"start":{"line":33,"column":12},"end":{"line":33,"column":50}},"6":{"start":{"line":34,"column":12},"end":{"line":34,"column":26}},"7":{"start":{"line":38,"column":23},"end":{"line":38,"column":41}},"8":{"start":{"line":39,"column":8},"end":{"line":41,"column":9}},"9":{"start":{"line":39,"column":21},"end":{"line":39,"column":22}},"10":{"start":{"line":40,"column":12},"end":{"line":40,"column":56}},"11":{"start":{"line":42,"column":8},"end":{"line":42,"column":22}},"12":{"start":{"line":45,"column":19},"end":{"line":45,"column":35}},"13":{"start":{"line":48,"column":4},"end":{"line":48,"column":42}},"14":{"start":{"line":49,"column":4},"end":{"line":49,"column":42}},"15":{"start":{"line":52,"column":22},"end":{"line":52,"column":24}},"16":{"start":{"line":53,"column":4},"end":{"line":55,"column":5}},"17":{"start":{"line":53,"column":17},"end":{"line":53,"column":18}},"18":{"start":{"line":54,"column":8},"end":{"line":54,"column":64}},"19":{"start":{"line":58,"column":4},"end":{"line":58,"column":182}},"20":{"start":{"line":68,"column":4},"end":{"line":68,"column":26}},"21":{"start":{"line":75,"column":4},"end":{"line":92,"column":5}},"22":{"start":{"line":76,"column":8},"end":{"line":91,"column":9}},"23":{"start":{"line":77,"column":44},"end":{"line":77,"column":82}},"24":{"start":{"line":80,"column":12},"end":{"line":88,"column":13}},"25":{"start":{"line":81,"column":16},"end":{"line":81,"column":74}},"26":{"start":{"line":82,"column":16},"end":{"line":87,"column":18}},"27":{"start":{"line":83,"column":20},"end":{"line":85,"column":21}},"28":{"start":{"line":83,"column":33},"end":{"line":83,"column":34}},"29":{"start":{"line":84,"column":24},"end":{"line":84,"column":68}},"30":{"start":{"line":86,"column":20},"end":{"line":86,"column":34}},"31":{"start":{"line":90,"column":12},"end":{"line":90,"column":67}},"32":{"start":{"line":99,"column":4},"end":{"line":106,"column":5}},"33":{"start":{"line":100,"column":8},"end":{"line":105,"column":9}},"34":{"start":{"line":101,"column":12},"end":{"line":101,"column":63}},"35":{"start":{"line":102,"column":12},"end":{"line":102,"column":49}},"36":{"start":{"line":104,"column":12},"end":{"line":104,"column":62}}},"fnMap":{"0":{"name":"generateUUID","decl":{"start":{"line":21,"column":16},"end":{"line":21,"column":28}},"loc":{"start":{"line":21,"column":39},"end":{"line":59,"column":1}},"line":21},"1":{"name":"(anonymous_1)","decl":{"start":{"line":29,"column":27},"end":{"line":29,"column":28}},"loc":{"start":{"line":29,"column":33},"end":{"line":43,"column":5}},"line":29},"2":{"name":"setupPolyfills","decl":{"start":{"line":64,"column":16},"end":{"line":64,"column":30}},"loc":{"start":{"line":64,"column":39},"end":{"line":69,"column":1}},"line":64},"3":{"name":"setupCryptoPolyfill","decl":{"start":{"line":74,"column":9},"end":{"line":74,"column":28}},"loc":{"start":{"line":74,"column":37},"end":{"line":93,"column":1}},"line":74},"4":{"name":"(anonymous_4)","decl":{"start":{"line":82,"column":57},"end":{"line":82,"column":58}},"loc":{"start":{"line":82,"column":87},"end":{"line":87,"column":17}},"line":82},"5":{"name":"setupBufferPolyfill","decl":{"start":{"line":98,"column":16},"end":{"line":98,"column":35}},"loc":{"start":{"line":98,"column":44},"end":{"line":107,"column":1}},"line":98}},"branchMap":{"0":{"loc":{"start":{"line":23,"column":4},"end":{"line":26,"column":5}},"type":"if","locations":[{"start":{"line":23,"column":4},"end":{"line":26,"column":5}},{"start":{},"end":{}}],"line":23},"1":{"loc":{"start":{"line":23,"column":8},"end":{"line":24,"column":54}},"type":"binary-expr","locations":[{"start":{"line":23,"column":8},"end":{"line":23,"column":37}},{"start":{"line":23,"column":41},"end":{"line":23,"column":54}},{"start":{"line":24,"column":8},"end":{"line":24,"column":54}}],"line":23},"2":{"loc":{"start":{"line":30,"column":8},"end":{"line":35,"column":9}},"type":"if","locations":[{"start":{"line":30,"column":8},"end":{"line":35,"column":9}},{"start":{},"end":{}}],"line":30},"3":{"loc":{"start":{"line":30,"column":12},"end":{"line":31,"column":63}},"type":"binary-expr","locations":[{"start":{"line":30,"column":12},"end":{"line":30,"column":41}},{"start":{"line":30,"column":45},"end":{"line":30,"column":58}},{"start":{"line":31,"column":12},"end":{"line":31,"column":63}}],"line":30},"4":{"loc":{"start":{"line":75,"column":4},"end":{"line":92,"column":5}},"type":"if","locations":[{"start":{"line":75,"column":4},"end":{"line":92,"column":5}},{"start":{},"end":{}}],"line":75},"5":{"loc":{"start":{"line":75,"column":8},"end":{"line":75,"column":63}},"type":"binary-expr","locations":[{"start":{"line":75,"column":8},"end":{"line":75,"column":37}},{"start":{"line":75,"column":41},"end":{"line":75,"column":63}}],"line":75},"6":{"loc":{"start":{"line":80,"column":12},"end":{"line":88,"column":13}},"type":"if","locations":[{"start":{"line":80,"column":12},"end":{"line":88,"column":13}},{"start":{},"end":{}}],"line":80},"7":{"loc":{"start":{"line":99,"column":4},"end":{"line":106,"column":5}},"type":"if","locations":[{"start":{"line":99,"column":4},"end":{"line":106,"column":5}},{"start":{},"end":{}}],"line":99},"8":{"loc":{"start":{"line":99,"column":8},"end":{"line":99,"column":64}},"type":"binary-expr","locations":[{"start":{"line":99,"column":8},"end":{"line":99,"column":37}},{"start":{"line":99,"column":41},"end":{"line":99,"column":64}}],"line":99}},"s":{"0":0,"1":0,"2":0,"3":0,"4":0,"5":0,"6":0,"7":0,"8":0,"9":0,"10":0,"11":0,"12":0,"13":0,"14":0,"15":0,"16":0,"17":0,"18":0,"19":0,"20":0,"21":0,"22":0,"23":0,"24":0,"25":0,"26":0,"27":0,"28":0,"29":0,"30":0,"31":0,"32":0,"33":0,"34":0,"35":0,"36":0},"f":{"0":0,"1":0,"2":0,"3":0,"4":0,"5":0},"b":{"0":[0,0],"1":[0,0,0],"2":[0,0],"3":[0,0,0],"4":[0,0],"5":[0,0],"6":[0,0],"7":[0,0],"8":[0,0]}}
}
