{"/root/ol-explorer/App.tsx": {"path":"/root/ol-explorer/App.tsx","statementMap":{"0":{"start":{"line":5,"column":2},"end":{"line":10,"column":4}},"1":{"start":{"line":13,"column":15},"end":{"line":20,"column":2}}},"fnMap":{"0":{"name":"App","decl":{"start":{"line":4,"column":24},"end":{"line":4,"column":27}},"loc":{"start":{"line":4,"column":30},"end":{"line":11,"column":1}},"line":4}},"branchMap":{},"s":{"0":1,"1":1},"f":{"0":1},"b":{},"_coverageSchema":"1a1c01bbd47fc00a2c39e90264f33305004495a9","hash":"80eea403a51b33bde06cac14c5d32e4c7e92ba4f"}
,"/root/ol-explorer/global.d.ts": {"path":"/root/ol-explorer/global.d.ts","statementMap":{},"fnMap":{},"branchMap":{},"s":{},"f":{},"b":{}}
,"/root/ol-explorer/index.ts": {"path":"/root/ol-explorer/index.ts","statementMap":{"0":{"start":{"line":8,"column":0},"end":{"line":8,"column":27}}},"fnMap":{},"branchMap":{},"s":{"0":0},"f":{},"b":{}}
,"/root/ol-explorer/src/components/BlockchainStats.tsx": {"path":"/root/ol-explorer/src/components/BlockchainStats.tsx","statementMap":{"0":{"start":{"line":10,"column":63},"end":{"line":29,"column":1}},"1":{"start":{"line":11,"column":16},"end":{"line":11,"column":52}},"2":{"start":{"line":13,"column":2},"end":{"line":28,"column":4}},"3":{"start":{"line":31,"column":15},"end":{"line":53,"column":2}}},"fnMap":{"0":{"name":"(anonymous_0)","decl":{"start":{"line":10,"column":63},"end":{"line":10,"column":64}},"loc":{"start":{"line":10,"column":79},"end":{"line":29,"column":1}},"line":10}},"branchMap":{"0":{"loc":{"start":{"line":17,"column":36},"end":{"line":17,"column":75}},"type":"binary-expr","locations":[{"start":{"line":17,"column":36},"end":{"line":17,"column":59}},{"start":{"line":17,"column":63},"end":{"line":17,"column":75}}],"line":17},"1":{"loc":{"start":{"line":21,"column":36},"end":{"line":21,"column":69}},"type":"binary-expr","locations":[{"start":{"line":21,"column":36},"end":{"line":21,"column":53}},{"start":{"line":21,"column":57},"end":{"line":21,"column":69}}],"line":21},"2":{"loc":{"start":{"line":25,"column":36},"end":{"line":25,"column":71}},"type":"binary-expr","locations":[{"start":{"line":25,"column":36},"end":{"line":25,"column":55}},{"start":{"line":25,"column":59},"end":{"line":25,"column":71}}],"line":25}},"s":{"0":1,"1":3,"2":3,"3":1},"f":{"0":3},"b":{"0":[3,1],"1":[3,1],"2":[3,1]},"_coverageSchema":"1a1c01bbd47fc00a2c39e90264f33305004495a9","hash":"801eb26e3a9ccaf8d55b8d249cea4c06f2088e3f"}
,"/root/ol-explorer/src/components/TransactionsList.tsx": {"path":"/root/ol-explorer/src/components/TransactionsList.tsx","statementMap":{"0":{"start":{"line":23,"column":65},"end":{"line":102,"column":1}},"1":{"start":{"line":24,"column":23},"end":{"line":24,"column":66}},"2":{"start":{"line":25,"column":20},"end":{"line":25,"column":60}},"3":{"start":{"line":26,"column":21},"end":{"line":26,"column":52}},"4":{"start":{"line":29,"column":27},"end":{"line":42,"column":20}},"5":{"start":{"line":30,"column":4},"end":{"line":41,"column":8}},"6":{"start":{"line":30,"column":41},"end":{"line":41,"column":5}},"7":{"start":{"line":44,"column":33},"end":{"line":46,"column":3}},"8":{"start":{"line":45,"column":4},"end":{"line":45,"column":56}},"9":{"start":{"line":48,"column":32},"end":{"line":80,"column":3}},"10":{"start":{"line":49,"column":4},"end":{"line":79,"column":23}},"11":{"start":{"line":51,"column":21},"end":{"line":51,"column":54}},"12":{"start":{"line":82,"column":2},"end":{"line":89,"column":3}},"13":{"start":{"line":83,"column":4},"end":{"line":88,"column":6}},"14":{"start":{"line":91,"column":2},"end":{"line":101,"column":4}},"15":{"start":{"line":96,"column":32},"end":{"line":96,"column":41}},"16":{"start":{"line":104,"column":15},"end":{"line":193,"column":2}}},"fnMap":{"0":{"name":"(anonymous_0)","decl":{"start":{"line":23,"column":65},"end":{"line":23,"column":66}},"loc":{"start":{"line":23,"column":81},"end":{"line":102,"column":1}},"line":23},"1":{"name":"(anonymous_1)","decl":{"start":{"line":29,"column":35},"end":{"line":29,"column":36}},"loc":{"start":{"line":29,"column":41},"end":{"line":42,"column":3}},"line":29},"2":{"name":"(anonymous_2)","decl":{"start":{"line":30,"column":34},"end":{"line":30,"column":35}},"loc":{"start":{"line":30,"column":41},"end":{"line":41,"column":5}},"line":30},"3":{"name":"(anonymous_3)","decl":{"start":{"line":44,"column":33},"end":{"line":44,"column":34}},"loc":{"start":{"line":44,"column":51},"end":{"line":46,"column":3}},"line":44},"4":{"name":"(anonymous_4)","decl":{"start":{"line":48,"column":32},"end":{"line":48,"column":33}},"loc":{"start":{"line":49,"column":4},"end":{"line":79,"column":23}},"line":49},"5":{"name":"(anonymous_5)","decl":{"start":{"line":51,"column":15},"end":{"line":51,"column":16}},"loc":{"start":{"line":51,"column":21},"end":{"line":51,"column":54}},"line":51},"6":{"name":"(anonymous_6)","decl":{"start":{"line":96,"column":22},"end":{"line":96,"column":23}},"loc":{"start":{"line":96,"column":32},"end":{"line":96,"column":41}},"line":96}},"branchMap":{"0":{"loc":{"start":{"line":60,"column":10},"end":{"line":60,"column":69}},"type":"cond-expr","locations":[{"start":{"line":60,"column":38},"end":{"line":60,"column":52}},{"start":{"line":60,"column":55},"end":{"line":60,"column":69}}],"line":60},"1":{"loc":{"start":{"line":76,"column":16},"end":{"line":76,"column":38}},"type":"binary-expr","locations":[{"start":{"line":76,"column":16},"end":{"line":76,"column":29}},{"start":{"line":76,"column":33},"end":{"line":76,"column":38}}],"line":76},"2":{"loc":{"start":{"line":82,"column":2},"end":{"line":89,"column":3}},"type":"if","locations":[{"start":{"line":82,"column":2},"end":{"line":89,"column":3}},{"start":{},"end":{}}],"line":82}},"s":{"0":0,"1":0,"2":0,"3":0,"4":0,"5":0,"6":0,"7":0,"8":0,"9":0,"10":0,"11":0,"12":0,"13":0,"14":0,"15":0,"16":0},"f":{"0":0,"1":0,"2":0,"3":0,"4":0,"5":0,"6":0},"b":{"0":[0,0],"1":[0,0],"2":[0,0]}}
,"/root/ol-explorer/src/hooks/useSdk.ts": {"path":"/root/ol-explorer/src/hooks/useSdk.ts","statementMap":{"0":{"start":{"line":5,"column":22},"end":{"line":115,"column":1}},"1":{"start":{"line":6,"column":31},"end":{"line":9,"column":8}},"2":{"start":{"line":8,"column":4},"end":{"line":8,"column":72}},"3":{"start":{"line":11,"column":25},"end":{"line":14,"column":8}},"4":{"start":{"line":13,"column":4},"end":{"line":13,"column":65}},"5":{"start":{"line":16,"column":21},"end":{"line":19,"column":8}},"6":{"start":{"line":18,"column":4},"end":{"line":18,"column":38}},"7":{"start":{"line":21,"column":26},"end":{"line":42,"column":8}},"8":{"start":{"line":23,"column":40},"end":{"line":23,"column":42}},"9":{"start":{"line":25,"column":4},"end":{"line":39,"column":5}},"10":{"start":{"line":25,"column":17},"end":{"line":25,"column":18}},"11":{"start":{"line":26,"column":24},"end":{"line":26,"column":46}},"12":{"start":{"line":27,"column":6},"end":{"line":38,"column":9}},"13":{"start":{"line":41,"column":4},"end":{"line":41,"column":41}},"14":{"start":{"line":44,"column":25},"end":{"line":79,"column":8}},"15":{"start":{"line":46,"column":4},"end":{"line":78,"column":7}},"16":{"start":{"line":81,"column":21},"end":{"line":105,"column":8}},"17":{"start":{"line":83,"column":4},"end":{"line":104,"column":7}},"18":{"start":{"line":107,"column":2},"end":{"line":114,"column":4}}},"fnMap":{"0":{"name":"(anonymous_0)","decl":{"start":{"line":5,"column":22},"end":{"line":5,"column":23}},"loc":{"start":{"line":5,"column":43},"end":{"line":115,"column":1}},"line":5},"1":{"name":"(anonymous_1)","decl":{"start":{"line":6,"column":43},"end":{"line":6,"column":44}},"loc":{"start":{"line":6,"column":72},"end":{"line":9,"column":3}},"line":6},"2":{"name":"(anonymous_2)","decl":{"start":{"line":11,"column":37},"end":{"line":11,"column":38}},"loc":{"start":{"line":11,"column":66},"end":{"line":14,"column":3}},"line":11},"3":{"name":"(anonymous_3)","decl":{"start":{"line":16,"column":33},"end":{"line":16,"column":34}},"loc":{"start":{"line":16,"column":62},"end":{"line":19,"column":3}},"line":16},"4":{"name":"(anonymous_4)","decl":{"start":{"line":21,"column":38},"end":{"line":21,"column":39}},"loc":{"start":{"line":21,"column":87},"end":{"line":42,"column":3}},"line":21},"5":{"name":"(anonymous_5)","decl":{"start":{"line":44,"column":37},"end":{"line":44,"column":38}},"loc":{"start":{"line":44,"column":96},"end":{"line":79,"column":3}},"line":44},"6":{"name":"(anonymous_6)","decl":{"start":{"line":81,"column":33},"end":{"line":81,"column":34}},"loc":{"start":{"line":81,"column":85},"end":{"line":105,"column":3}},"line":81}},"branchMap":{"0":{"loc":{"start":{"line":34,"column":16},"end":{"line":34,"column":59}},"type":"cond-expr","locations":[{"start":{"line":34,"column":38},"end":{"line":34,"column":47}},{"start":{"line":34,"column":50},"end":{"line":34,"column":59}}],"line":34},"1":{"loc":{"start":{"line":53,"column":14},"end":{"line":53,"column":57}},"type":"cond-expr","locations":[{"start":{"line":53,"column":36},"end":{"line":53,"column":45}},{"start":{"line":53,"column":48},"end":{"line":53,"column":57}}],"line":53}},"s":{"0":0,"1":0,"2":0,"3":0,"4":0,"5":0,"6":0,"7":0,"8":0,"9":0,"10":0,"11":0,"12":0,"13":0,"14":0,"15":0,"16":0,"17":0,"18":0},"f":{"0":0,"1":0,"2":0,"3":0,"4":0,"5":0,"6":0},"b":{"0":[0,0],"1":[0,0]}}
,"/root/ol-explorer/src/navigation/types.ts": {"path":"/root/ol-explorer/src/navigation/types.ts","statementMap":{},"fnMap":{},"branchMap":{},"s":{},"f":{},"b":{}}
,"/root/ol-explorer/src/screens/HomeScreen.tsx": {"path":"/root/ol-explorer/src/screens/HomeScreen.tsx","statementMap":{"0":{"start":{"line":9,"column":36},"end":{"line":85,"column":1}},"1":{"start":{"line":10,"column":14},"end":{"line":10,"column":22}},"2":{"start":{"line":12,"column":2},"end":{"line":73,"column":12}},"3":{"start":{"line":13,"column":29},"end":{"line":39,"column":5}},"4":{"start":{"line":14,"column":6},"end":{"line":38,"column":7}},"5":{"start":{"line":15,"column":8},"end":{"line":15,"column":43}},"6":{"start":{"line":18,"column":46},"end":{"line":22,"column":10}},"7":{"start":{"line":24,"column":8},"end":{"line":28,"column":11}},"8":{"start":{"line":31,"column":29},"end":{"line":31,"column":58}},"9":{"start":{"line":32,"column":8},"end":{"line":32,"column":56}},"10":{"start":{"line":34,"column":8},"end":{"line":34,"column":44}},"11":{"start":{"line":36,"column":8},"end":{"line":36,"column":93}},"12":{"start":{"line":37,"column":8},"end":{"line":37,"column":44}},"13":{"start":{"line":41,"column":4},"end":{"line":41,"column":23}},"14":{"start":{"line":44,"column":25},"end":{"line":68,"column":13}},"15":{"start":{"line":45,"column":6},"end":{"line":67,"column":7}},"16":{"start":{"line":47,"column":44},"end":{"line":50,"column":10}},"17":{"start":{"line":52,"column":8},"end":{"line":52,"column":52}},"18":{"start":{"line":55,"column":36},"end":{"line":59,"column":9}},"19":{"start":{"line":56,"column":10},"end":{"line":58,"column":11}},"20":{"start":{"line":57,"column":12},"end":{"line":57,"column":39}},"21":{"start":{"line":62,"column":8},"end":{"line":64,"column":11}},"22":{"start":{"line":63,"column":10},"end":{"line":63,"column":47}},"23":{"start":{"line":66,"column":8},"end":{"line":66,"column":47}},"24":{"start":{"line":70,"column":4},"end":{"line":72,"column":6}},"25":{"start":{"line":71,"column":6},"end":{"line":71,"column":34}},"26":{"start":{"line":75,"column":2},"end":{"line":84,"column":4}},"27":{"start":{"line":87,"column":15},"end":{"line":98,"column":2}}},"fnMap":{"0":{"name":"(anonymous_0)","decl":{"start":{"line":9,"column":36},"end":{"line":9,"column":37}},"loc":{"start":{"line":9,"column":42},"end":{"line":85,"column":1}},"line":9},"1":{"name":"(anonymous_1)","decl":{"start":{"line":12,"column":12},"end":{"line":12,"column":13}},"loc":{"start":{"line":12,"column":18},"end":{"line":73,"column":3}},"line":12},"2":{"name":"(anonymous_2)","decl":{"start":{"line":13,"column":29},"end":{"line":13,"column":30}},"loc":{"start":{"line":13,"column":41},"end":{"line":39,"column":5}},"line":13},"3":{"name":"(anonymous_3)","decl":{"start":{"line":44,"column":37},"end":{"line":44,"column":38}},"loc":{"start":{"line":44,"column":49},"end":{"line":68,"column":5}},"line":44},"4":{"name":"(anonymous_4)","decl":{"start":{"line":55,"column":56},"end":{"line":55,"column":57}},"loc":{"start":{"line":56,"column":10},"end":{"line":58,"column":11}},"line":56},"5":{"name":"(anonymous_5)","decl":{"start":{"line":56,"column":52},"end":{"line":56,"column":53}},"loc":{"start":{"line":57,"column":12},"end":{"line":57,"column":39}},"line":57},"6":{"name":"(anonymous_6)","decl":{"start":{"line":62,"column":36},"end":{"line":62,"column":37}},"loc":{"start":{"line":62,"column":57},"end":{"line":64,"column":9}},"line":62},"7":{"name":"(anonymous_7)","decl":{"start":{"line":70,"column":11},"end":{"line":70,"column":12}},"loc":{"start":{"line":70,"column":17},"end":{"line":72,"column":5}},"line":70}},"branchMap":{"0":{"loc":{"start":{"line":36,"column":35},"end":{"line":36,"column":91}},"type":"cond-expr","locations":[{"start":{"line":36,"column":60},"end":{"line":36,"column":73}},{"start":{"line":36,"column":76},"end":{"line":36,"column":91}}],"line":36}},"s":{"0":1,"1":3,"2":3,"3":3,"4":3,"5":3,"6":3,"7":3,"8":3,"9":3,"10":3,"11":0,"12":0,"13":3,"14":3,"15":1,"16":1,"17":1,"18":1,"19":1,"20":0,"21":1,"22":1,"23":0,"24":3,"25":3,"26":3,"27":1},"f":{"0":3,"1":3,"2":3,"3":1,"4":1,"5":0,"6":1,"7":3},"b":{"0":[0,0]},"_coverageSchema":"1a1c01bbd47fc00a2c39e90264f33305004495a9","hash":"a30fa14e97cc3e44f8c4a898914c76b722a8dad8"}
,"/root/ol-explorer/src/store/blockchainStore.ts": {"path":"/root/ol-explorer/src/store/blockchainStore.ts","statementMap":{"0":{"start":{"line":19,"column":31},"end":{"line":28,"column":2}},"1":{"start":{"line":31,"column":33},"end":{"line":65,"column":1}},"2":{"start":{"line":34,"column":4},"end":{"line":36,"column":5}},"3":{"start":{"line":35,"column":6},"end":{"line":35,"column":63}},"4":{"start":{"line":37,"column":4},"end":{"line":39,"column":5}},"5":{"start":{"line":38,"column":6},"end":{"line":38,"column":51}},"6":{"start":{"line":40,"column":4},"end":{"line":42,"column":5}},"7":{"start":{"line":41,"column":6},"end":{"line":41,"column":55}},"8":{"start":{"line":45,"column":4},"end":{"line":45,"column":51}},"9":{"start":{"line":49,"column":32},"end":{"line":49,"column":67}},"10":{"start":{"line":50,"column":4},"end":{"line":50,"column":76}},"11":{"start":{"line":53,"column":4},"end":{"line":57,"column":5}},"12":{"start":{"line":54,"column":6},"end":{"line":56,"column":8}},"13":{"start":{"line":60,"column":4},"end":{"line":60,"column":45}},"14":{"start":{"line":63,"column":4},"end":{"line":63,"column":37}}},"fnMap":{"0":{"name":"(anonymous_0)","decl":{"start":{"line":32,"column":12},"end":{"line":32,"column":13}},"loc":{"start":{"line":32,"column":49},"end":{"line":43,"column":3}},"line":32},"1":{"name":"(anonymous_1)","decl":{"start":{"line":44,"column":19},"end":{"line":44,"column":20}},"loc":{"start":{"line":44,"column":52},"end":{"line":46,"column":3}},"line":44},"2":{"name":"(anonymous_2)","decl":{"start":{"line":47,"column":18},"end":{"line":47,"column":19}},"loc":{"start":{"line":47,"column":48},"end":{"line":58,"column":3}},"line":47},"3":{"name":"(anonymous_3)","decl":{"start":{"line":59,"column":14},"end":{"line":59,"column":15}},"loc":{"start":{"line":59,"column":38},"end":{"line":61,"column":3}},"line":59},"4":{"name":"(anonymous_4)","decl":{"start":{"line":62,"column":12},"end":{"line":62,"column":13}},"loc":{"start":{"line":62,"column":38},"end":{"line":64,"column":3}},"line":62}},"branchMap":{"0":{"loc":{"start":{"line":34,"column":4},"end":{"line":36,"column":5}},"type":"if","locations":[{"start":{"line":34,"column":4},"end":{"line":36,"column":5}},{"start":{},"end":{}}],"line":34},"1":{"loc":{"start":{"line":37,"column":4},"end":{"line":39,"column":5}},"type":"if","locations":[{"start":{"line":37,"column":4},"end":{"line":39,"column":5}},{"start":{},"end":{}}],"line":37},"2":{"loc":{"start":{"line":40,"column":4},"end":{"line":42,"column":5}},"type":"if","locations":[{"start":{"line":40,"column":4},"end":{"line":42,"column":5}},{"start":{},"end":{}}],"line":40},"3":{"loc":{"start":{"line":53,"column":4},"end":{"line":57,"column":5}},"type":"if","locations":[{"start":{"line":53,"column":4},"end":{"line":57,"column":5}},{"start":{},"end":{}}],"line":53}},"s":{"0":0,"1":0,"2":0,"3":0,"4":0,"5":0,"6":0,"7":0,"8":0,"9":0,"10":0,"11":0,"12":0,"13":0,"14":0},"f":{"0":0,"1":0,"2":0,"3":0,"4":0},"b":{"0":[0,0],"1":[0,0],"2":[0,0],"3":[0,0]}}
,"/root/ol-explorer/src/types/blockchain.ts": {"path":"/root/ol-explorer/src/types/blockchain.ts","statementMap":{},"fnMap":{},"branchMap":{},"s":{},"f":{},"b":{}}
}
